2023-09-08 15:40:42,755 [INFO] Activator:176 - 


2023-09-08 15:40:42,755 [INFO] Activator:177 - !SESSION log4j initialized
2023-09-08 15:40:48,681 [INFO] LogOutputStream:77 - [STDOUT_REDIRECT] 
2023-09-08 15:40:50,547 [INFO] ApplicationProperties:184 - Using Application install path: C:\ST\STM32CubeIDE_1.13.1\STM32CubeIDE\plugins\com.st.stm32cube.common.mx_6.9.1.202307191849
2023-09-08 15:40:50,567 [INFO] DbMcusXml:78 - Set database path to: C:\ST\STM32CubeIDE_1.13.1\STM32CubeIDE\plugins\com.st.stm32cube.common.mx_6.9.1.202307191849\\db\/mcu/
2023-09-08 15:40:50,567 [INFO] ApiDb:274 - Set plugin database path to: C:\ST\STM32CubeIDE_1.13.1\STM32CubeIDE\plugins\com.st.stm32cube.common.mx_6.9.1.202307191849\\db\/plugins/boardmanager/
2023-09-08 15:40:50,568 [WARN] ApiDb:259 - Overriding images path with different value:  => C:\ST\STM32CubeIDE_1.13.1\STM32CubeIDE\plugins\com.st.stm32cube.common.mx_6.9.1.202307191849\\db\/plugins/mcufinder/images/
2023-09-08 15:40:50,580 [INFO] ApiDb:250 - Set database path to: C:\Users\nammoom\.stmcufinder\plugins\mcufinder//mcu/
2023-09-08 15:40:50,581 [INFO] DbMcusAds:125 - Set database path to: C:\Users\nammoom\.stmcufinder\plugins\mcufinder//mcu/
2023-09-08 15:40:50,584 [INFO] CrossReferenceDbSqlite:203 - Set database path to: C:\Users\nammoom\.stmcufinder\plugins\mcufinder//mcu/cs/
2023-09-08 15:40:50,723 [INFO] RulesReader:64 - Compatibility file has been processed (293 Rules)
2023-09-08 15:40:50,874 [INFO] DbMcusXml:78 - Set database path to: C:\ST\STM32CubeIDE_1.13.1\STM32CubeIDE\plugins\com.st.stm32cube.common.mx_6.9.1.202307191849\\db\/mcu/
2023-09-08 15:40:50,874 [INFO] ApiDb:274 - Set plugin database path to: C:\ST\STM32CubeIDE_1.13.1\STM32CubeIDE\plugins\com.st.stm32cube.common.mx_6.9.1.202307191849\\db\/plugins/boardmanager/
2023-09-08 15:40:50,874 [INFO] ApiDb:261 - Set plugin images path to: C:\ST\STM32CubeIDE_1.13.1\STM32CubeIDE\plugins\com.st.stm32cube.common.mx_6.9.1.202307191849\\db\/plugins/mcufinder/images/
2023-09-08 15:40:50,875 [WARN] DbFile:41 - Overriding database path with different value: C:\Users\nammoom\.stmcufinder\plugins\mcufinder/ => C:\Users\nammoom\.stmcufinder\plugins\mcufinder
2023-09-08 15:40:50,875 [INFO] ApiDb:250 - Set database path to: C:\Users\nammoom\.stmcufinder\plugins\mcufinder//mcu/
2023-09-08 15:40:50,875 [WARN] DbFile:41 - Overriding database path with different value: C:\Users\nammoom\.stmcufinder\plugins\mcufinder/ => C:\Users\nammoom\.stmcufinder\plugins\mcufinder
2023-09-08 15:40:50,875 [INFO] DbMcusAds:125 - Set database path to: C:\Users\nammoom\.stmcufinder\plugins\mcufinder//mcu/
2023-09-08 15:40:50,875 [WARN] DbFile:41 - Overriding database path with different value: C:\Users\nammoom\.stmcufinder\plugins\mcufinder/ => C:\Users\nammoom\.stmcufinder\plugins\mcufinder
2023-09-08 15:40:50,875 [WARN] DbFile:41 - Overriding database path with different value: C:\Users\nammoom\.stmcufinder\plugins\mcufinder/ => C:\Users\nammoom\.stmcufinder\plugins\mcufinder
2023-09-08 15:40:50,875 [INFO] CrossReferenceDbSqlite:203 - Set database path to: C:\Users\nammoom\.stmcufinder\plugins\mcufinder//mcu/cs/
2023-09-08 15:40:50,956 [INFO] MainPanel:262 - HeapMemory: 268435456
2023-09-08 15:40:51,043 [INFO] DbMcusXml:78 - Set database path to: C:\ST\STM32CubeIDE_1.13.1\STM32CubeIDE\plugins\com.st.stm32cube.common.mx_6.9.1.202307191849\\db\/mcu/
2023-09-08 15:40:51,044 [INFO] ApiDb:274 - Set plugin database path to: C:\ST\STM32CubeIDE_1.13.1\STM32CubeIDE\plugins\com.st.stm32cube.common.mx_6.9.1.202307191849\\db\/plugins/boardmanager/
2023-09-08 15:40:51,044 [INFO] ApiDb:261 - Set plugin images path to: C:\ST\STM32CubeIDE_1.13.1\STM32CubeIDE\plugins\com.st.stm32cube.common.mx_6.9.1.202307191849\\db\/plugins/mcufinder/images/
2023-09-08 15:40:51,044 [WARN] DbFile:41 - Overriding database path with different value: C:\Users\nammoom\.stmcufinder\plugins\mcufinder/ => C:\Users\nammoom\.stmcufinder\plugins\mcufinder
2023-09-08 15:40:51,044 [INFO] ApiDb:250 - Set database path to: C:\Users\nammoom\.stmcufinder\plugins\mcufinder//mcu/
2023-09-08 15:40:51,044 [WARN] DbFile:41 - Overriding database path with different value: C:\Users\nammoom\.stmcufinder\plugins\mcufinder/ => C:\Users\nammoom\.stmcufinder\plugins\mcufinder
2023-09-08 15:40:51,044 [INFO] DbMcusAds:125 - Set database path to: C:\Users\nammoom\.stmcufinder\plugins\mcufinder//mcu/
2023-09-08 15:40:51,045 [WARN] DbFile:41 - Overriding database path with different value: C:\Users\nammoom\.stmcufinder\plugins\mcufinder/ => C:\Users\nammoom\.stmcufinder\plugins\mcufinder
2023-09-08 15:40:51,045 [WARN] DbFile:41 - Overriding database path with different value: C:\Users\nammoom\.stmcufinder\plugins\mcufinder/ => C:\Users\nammoom\.stmcufinder\plugins\mcufinder
2023-09-08 15:40:51,045 [INFO] CrossReferenceDbSqlite:203 - Set database path to: C:\Users\nammoom\.stmcufinder\plugins\mcufinder//mcu/cs/
2023-09-08 15:40:51,067 [INFO] ApplicationProperties:184 - Using Application install path: C:\ST\STM32CubeIDE_1.13.1\STM32CubeIDE\plugins\com.st.stm32cube.common.mx_6.9.1.202307191849
2023-09-08 15:40:51,071 [INFO] PluginManage:196 - Search for loadable plugins [exclusion list=, ]
2023-09-08 15:40:51,072 [INFO] PluginManage:310 - Check plugin analytics
2023-09-08 15:40:51,356 [INFO] AnalyticsPlugin:253 - Accepted Software Licenses: STM32CubeMX.6.8.1
2023-09-08 15:40:51,357 [INFO] AnalyticsPlugin:255 - Accepted CMSIS Pack Licenses: 
2023-09-08 15:40:51,357 [INFO] AnalyticsPlugin:257 - Accepted Firmware Licenses: FW.F4.1.27.0
2023-09-08 15:40:51,360 [INFO] PluginManage:359 - Loaded plugin analytics (category:tool,tabindex:-1)
2023-09-08 15:40:51,361 [INFO] PluginManage:310 - Check plugin cadmodel
2023-09-08 15:40:51,366 [INFO] CADModel:105 - Init CAD model plugin
2023-09-08 15:40:51,366 [INFO] PluginManage:359 - Loaded plugin cadmodel (category:power,tabindex:5)
2023-09-08 15:40:51,366 [INFO] PluginManage:310 - Check plugin clock
2023-09-08 15:40:51,377 [INFO] PluginManage:359 - Loaded plugin clock (category:base,tabindex:2)
2023-09-08 15:40:51,377 [INFO] PluginManage:310 - Check plugin ddr
2023-09-08 15:40:51,380 [INFO] PluginManage:359 - Loaded plugin ddr (category:tool,tabindex:6)
2023-09-08 15:40:51,380 [INFO] PluginManage:310 - Check plugin filemanager
2023-09-08 15:40:51,540 [INFO] PluginManage:359 - Loaded plugin filemanager (category:base,tabindex:10)
2023-09-08 15:40:51,540 [INFO] PluginManage:310 - Check plugin ipmanager
2023-09-08 15:40:51,549 [INFO] PluginManage:359 - Loaded plugin ipmanager (category:base,tabindex:5)
2023-09-08 15:40:51,549 [INFO] PluginManage:310 - Check plugin lpbam
2023-09-08 15:40:51,572 [INFO] PluginManage:359 - Loaded plugin lpbam (category:base,tabindex:0)
2023-09-08 15:40:51,572 [INFO] PluginManage:310 - Check plugin memorymap
2023-09-08 15:40:51,650 [INFO] PluginManage:359 - Loaded plugin memorymap (category:base,tabindex:4)
2023-09-08 15:40:51,650 [INFO] PluginManage:310 - Check plugin pinoutandconfiguration
2023-09-08 15:40:51,663 [INFO] PluginManage:359 - Loaded plugin pinoutandconfiguration (category:base,tabindex:1)
2023-09-08 15:40:51,663 [INFO] PluginManage:310 - Check plugin pinoutconfig
2023-09-08 15:40:51,782 [WARN] SupportedApi:132 - Cannot load RTOS API schema: s4s-elt-must-match.1: The content of 'definitions' must match (annotation?, (simpleType | complexType)?, (unique | key | keyref)*)). A problem was found starting at: attribute.
2023-09-08 15:40:51,980 [INFO] PluginManage:359 - Loaded plugin pinoutconfig (category:base,tabindex:0)
2023-09-08 15:40:51,980 [INFO] PluginManage:310 - Check plugin power
2023-09-08 15:40:51,991 [INFO] PluginManage:359 - Loaded plugin power (category:power,tabindex:4)
2023-09-08 15:40:51,991 [INFO] PluginManage:310 - Check plugin projectmanager
2023-09-08 15:40:52,009 [INFO] PluginManage:359 - Loaded plugin projectmanager (category:projectmanager,tabindex:3)
2023-09-08 15:40:52,010 [INFO] PluginManage:310 - Check plugin thirdparty
2023-09-08 15:40:52,162 [INFO] PluginManage:359 - Loaded plugin thirdparty (category:base,tabindex:-1)
2023-09-08 15:40:52,162 [INFO] PluginManage:310 - Check plugin tools
2023-09-08 15:40:52,162 [WARN] IntegrityCheckThread:84 - waiting for thirdparty lock release [integrity check]
2023-09-08 15:40:52,163 [INFO] IntegrityCheckThread:86 - entering critical section [integrity check]
2023-09-08 15:40:52,164 [INFO] ThirdPartyUpdaterWithRetryManager:70 - Updater plugin not ready yet. [1/15]
2023-09-08 15:40:52,167 [INFO] PluginManage:359 - Loaded plugin tools (category:base,tabindex:7)
2023-09-08 15:40:52,167 [INFO] PluginManage:310 - Check plugin tutovideos
2023-09-08 15:40:52,368 [INFO] PluginManage:359 - Loaded plugin tutovideos (category:base,tabindex:-1)
2023-09-08 15:40:52,368 [INFO] PluginManage:310 - Check plugin updater
2023-09-08 15:40:52,379 [INFO] PluginManage:359 - Loaded plugin updater (category:base,tabindex:12)
2023-09-08 15:40:52,379 [INFO] PluginManage:310 - Check plugin userauth
2023-09-08 15:40:52,385 [INFO] UserAuth:113 - Init User Auth plugin
2023-09-08 15:40:52,385 [INFO] PluginManage:359 - Loaded plugin userauth (category:base,tabindex:14)
2023-09-08 15:40:52,386 [INFO] PluginManage:283 - PluginManage : Loaded plugins [17]
2023-09-08 15:40:52,606 [INFO] PinOutPanel:1499 - setPackage(No Configuration,No Configuration)
2023-09-08 15:40:52,718 [INFO] CADModel:165 - CPN selected for project level
2023-09-08 15:40:52,718 [INFO] CADModel:114 - Register for checkConnection events
2023-09-08 15:40:52,737 [INFO] IPUIPlugin:80 - create IPUIPlugin
2023-09-08 15:40:52,737 [INFO] PluginManager:220 - loadIPPluginJar : add adc
2023-09-08 15:40:52,741 [INFO] IPUIPlugin:80 - create IPUIPlugin
2023-09-08 15:40:52,741 [INFO] PluginManager:220 - loadIPPluginJar : add aes
2023-09-08 15:40:52,745 [INFO] IPUIPlugin:80 - create IPUIPlugin
2023-09-08 15:40:52,745 [INFO] PluginManager:220 - loadIPPluginJar : add can
2023-09-08 15:40:52,747 [INFO] IPUIPlugin:80 - create IPUIPlugin
2023-09-08 15:40:52,747 [INFO] PluginManager:220 - loadIPPluginJar : add comp
2023-09-08 15:40:52,751 [INFO] IPUIPlugin:80 - create IPUIPlugin
2023-09-08 15:40:52,751 [INFO] PluginManager:220 - loadIPPluginJar : add cryp
2023-09-08 15:40:52,754 [INFO] IPUIPlugin:80 - create IPUIPlugin
2023-09-08 15:40:52,754 [INFO] PluginManager:220 - loadIPPluginJar : add dfsdm
2023-09-08 15:40:52,761 [INFO] IPUIPlugin:80 - create IPUIPlugin
2023-09-08 15:40:52,762 [INFO] PluginManager:220 - loadIPPluginJar : add dma
2023-09-08 15:40:52,765 [INFO] IPUIPlugin:80 - create IPUIPlugin
2023-09-08 15:40:52,766 [INFO] PluginManager:220 - loadIPPluginJar : add dma3
2023-09-08 15:40:52,768 [INFO] IPUIPlugin:80 - create IPUIPlugin
2023-09-08 15:40:52,768 [INFO] PluginManager:220 - loadIPPluginJar : add fatfs
2023-09-08 15:40:52,774 [INFO] IPUIPlugin:80 - create IPUIPlugin
2023-09-08 15:40:52,774 [INFO] PluginManager:220 - loadIPPluginJar : add fmc
2023-09-08 15:40:52,781 [INFO] IPUIPlugin:80 - create IPUIPlugin
2023-09-08 15:40:52,781 [INFO] PluginManager:220 - loadIPPluginJar : add freertos
2023-09-08 15:40:52,784 [INFO] IPUIPlugin:80 - create IPUIPlugin
2023-09-08 15:40:52,784 [INFO] PluginManager:220 - loadIPPluginJar : add genericplugin
2023-09-08 15:40:52,788 [INFO] IPUIPlugin:80 - create IPUIPlugin
2023-09-08 15:40:52,788 [INFO] PluginManager:220 - loadIPPluginJar : add gfxmmu
2023-09-08 15:40:52,794 [INFO] IPUIPlugin:80 - create IPUIPlugin
2023-09-08 15:40:52,794 [INFO] PluginManager:220 - loadIPPluginJar : add gic
2023-09-08 15:40:52,800 [INFO] IPUIPlugin:80 - create IPUIPlugin
2023-09-08 15:40:52,800 [INFO] PluginManager:220 - loadIPPluginJar : add gpio
2023-09-08 15:40:52,804 [INFO] IPUIPlugin:80 - create IPUIPlugin
2023-09-08 15:40:52,804 [INFO] PluginManager:220 - loadIPPluginJar : add gtzc
2023-09-08 15:40:52,808 [INFO] IPUIPlugin:80 - create IPUIPlugin
2023-09-08 15:40:52,808 [INFO] PluginManager:220 - loadIPPluginJar : add hash
2023-09-08 15:40:52,812 [INFO] IPUIPlugin:80 - create IPUIPlugin
2023-09-08 15:40:52,812 [INFO] PluginManager:220 - loadIPPluginJar : add i2c
2023-09-08 15:40:52,816 [INFO] IPUIPlugin:80 - create IPUIPlugin
2023-09-08 15:40:52,816 [INFO] PluginManager:220 - loadIPPluginJar : add i2s
2023-09-08 15:40:52,820 [INFO] IPUIPlugin:80 - create IPUIPlugin
2023-09-08 15:40:52,821 [INFO] PluginManager:220 - loadIPPluginJar : add i3c
2023-09-08 15:40:52,825 [INFO] IPUIPlugin:80 - create IPUIPlugin
2023-09-08 15:40:52,825 [INFO] PluginManager:220 - loadIPPluginJar : add ipddr
2023-09-08 15:40:52,832 [INFO] IPUIPlugin:80 - create IPUIPlugin
2023-09-08 15:40:52,832 [INFO] PluginManager:220 - loadIPPluginJar : add linkedlist
2023-09-08 15:40:52,836 [INFO] IPUIPlugin:80 - create IPUIPlugin
2023-09-08 15:40:52,836 [INFO] PluginManager:220 - loadIPPluginJar : add lorawan
2023-09-08 15:40:52,839 [INFO] IPUIPlugin:80 - create IPUIPlugin
2023-09-08 15:40:52,839 [INFO] PluginManager:220 - loadIPPluginJar : add ltdc
2023-09-08 15:40:52,845 [INFO] IPUIPlugin:80 - create IPUIPlugin
2023-09-08 15:40:52,845 [INFO] PluginManager:220 - loadIPPluginJar : add mdma
2023-09-08 15:40:52,849 [INFO] IPUIPlugin:80 - create IPUIPlugin
2023-09-08 15:40:52,849 [INFO] PluginManager:220 - loadIPPluginJar : add nvic
2023-09-08 15:40:52,853 [INFO] IPUIPlugin:80 - create IPUIPlugin
2023-09-08 15:40:52,854 [INFO] PluginManager:220 - loadIPPluginJar : add opamp
2023-09-08 15:40:52,858 [INFO] IPUIPlugin:80 - create IPUIPlugin
2023-09-08 15:40:52,858 [INFO] PluginManager:220 - loadIPPluginJar : add openamp
2023-09-08 15:40:52,862 [INFO] IPUIPlugin:80 - create IPUIPlugin
2023-09-08 15:40:52,862 [INFO] PluginManager:220 - loadIPPluginJar : add pdm2pcm
2023-09-08 15:40:52,870 [INFO] IPUIPlugin:80 - create IPUIPlugin
2023-09-08 15:40:52,873 [INFO] PluginManager:220 - loadIPPluginJar : add plateformsettings
2023-09-08 15:40:52,876 [INFO] IPUIPlugin:80 - create IPUIPlugin
2023-09-08 15:40:52,876 [INFO] PluginManager:220 - loadIPPluginJar : add quadspi
2023-09-08 15:40:52,881 [INFO] IPUIPlugin:80 - create IPUIPlugin
2023-09-08 15:40:52,881 [INFO] PluginManager:220 - loadIPPluginJar : add resmgrutility
2023-09-08 15:40:52,885 [INFO] IPUIPlugin:80 - create IPUIPlugin
2023-09-08 15:40:52,885 [INFO] PluginManager:220 - loadIPPluginJar : add sai
2023-09-08 15:40:52,889 [INFO] IPUIPlugin:80 - create IPUIPlugin
2023-09-08 15:40:52,890 [INFO] PluginManager:220 - loadIPPluginJar : add spi
2023-09-08 15:40:52,896 [INFO] IPUIPlugin:80 - create IPUIPlugin
2023-09-08 15:40:52,896 [INFO] PluginManager:220 - loadIPPluginJar : add stm32_wpan
2023-09-08 15:40:52,899 [INFO] IPUIPlugin:80 - create IPUIPlugin
2023-09-08 15:40:52,899 [INFO] PluginManager:220 - loadIPPluginJar : add tim
2023-09-08 15:40:52,904 [INFO] IPUIPlugin:80 - create IPUIPlugin
2023-09-08 15:40:52,904 [INFO] PluginManager:220 - loadIPPluginJar : add touchsensing
2023-09-08 15:40:52,908 [INFO] IPUIPlugin:80 - create IPUIPlugin
2023-09-08 15:40:52,909 [INFO] PluginManager:220 - loadIPPluginJar : add tracer_emb
2023-09-08 15:40:52,912 [INFO] IPUIPlugin:80 - create IPUIPlugin
2023-09-08 15:40:52,912 [INFO] PluginManager:220 - loadIPPluginJar : add ts
2023-09-08 15:40:52,914 [INFO] IPUIPlugin:80 - create IPUIPlugin
2023-09-08 15:40:52,915 [INFO] PluginManager:220 - loadIPPluginJar : add tsc
2023-09-08 15:40:52,918 [INFO] IPUIPlugin:80 - create IPUIPlugin
2023-09-08 15:40:52,918 [INFO] PluginManager:220 - loadIPPluginJar : add ucpd
2023-09-08 15:40:52,922 [INFO] IPUIPlugin:80 - create IPUIPlugin
2023-09-08 15:40:52,922 [INFO] PluginManager:220 - loadIPPluginJar : add usart
2023-09-08 15:40:52,927 [INFO] IPUIPlugin:80 - create IPUIPlugin
2023-09-08 15:40:52,927 [INFO] PluginManager:220 - loadIPPluginJar : add usbx
2023-09-08 15:40:53,057 [INFO] CADModel:165 - CPN selected for project level
2023-09-08 15:40:53,057 [INFO] CADModel:114 - Register for checkConnection events
2023-09-08 15:40:53,057 [FATAL] Updater:308 - Updater called before beeing initialized
2023-09-08 15:40:53,057 [ERROR] CADModel:125 - Updater not yet initialized, retry later 
2023-09-08 15:40:53,188 [INFO] CADModel:165 - CPN selected for project level
2023-09-08 15:40:53,188 [INFO] CADModel:114 - Register for checkConnection events
2023-09-08 15:40:53,189 [FATAL] Updater:308 - Updater called before beeing initialized
2023-09-08 15:40:53,189 [ERROR] CADModel:125 - Updater not yet initialized, retry later 
2023-09-08 15:40:53,192 [FATAL] Updater:308 - Updater called before beeing initialized
2023-09-08 15:40:53,301 [FATAL] Updater:308 - Updater called before beeing initialized
2023-09-08 15:40:53,307 [INFO] DbMcusAds:53 - JSON generation date=Tue Mar 07 17:50:55 KST 2023 (1678179055114)
2023-09-08 15:40:53,308 [FATAL] Updater:308 - Updater called before beeing initialized
2023-09-08 15:40:53,349 [WARN] DetailPanel:346 - Failed to get advertising image, set to default
2023-09-08 15:40:53,466 [FATAL] Updater:308 - Updater called before beeing initialized
2023-09-08 15:40:53,468 [FATAL] Updater:308 - Updater called before beeing initialized
2023-09-08 15:40:53,468 [FATAL] Updater:308 - Updater called before beeing initialized
2023-09-08 15:40:53,468 [WARN] DetailPanel:346 - Failed to get advertising image, set to default
2023-09-08 15:40:53,469 [FATAL] Updater:308 - Updater called before beeing initialized
2023-09-08 15:40:53,518 [ERROR] Updater:1120 - MainUpdater not yet initialized. External WinMGr cannot be set.
2023-09-08 15:40:53,520 [INFO] Updater:1056 - Updater Version found : 6.9.1
2023-09-08 15:40:53,540 [INFO] ApplicationProperties:184 - Using Application install path: C:\ST\STM32CubeIDE_1.13.1\STM32CubeIDE\plugins\com.st.stm32cube.common.mx_6.9.1.202307191849
2023-09-08 15:40:53,681 [INFO] MainUpdater:2868 - connection check result : 10
2023-09-08 15:40:53,682 [INFO] MainUpdater:285 - Updater Check For Update Now.
2023-09-08 15:40:53,682 [INFO] MicroXplorer:498 - Change Database Version : DB.6.0.91
2023-09-08 15:40:53,689 [INFO] McuFinderGlobals:63 - Set McuFinder mode to 2 (CubeIDE integrated)
2023-09-08 15:40:53,690 [INFO] UserAuth:179 - activating auth plugin
2023-09-08 15:40:53,692 [INFO] UserAuth:393 - Internet connection configuration mode: 1
2023-09-08 15:40:53,716 [INFO] JxBrowserEngine:151 - Initiate JxBrowser Engine with user profile folder
2023-09-08 15:40:53,861 [INFO] CheckServerUpdateThread:120 - End of CheckServer Thread
2023-09-08 15:40:54,567 [INFO] WebApp:157 - Instantiating new browser for Auth
2023-09-08 15:40:55,161 [INFO] WebApp:753 - Register for checkConnection events
2023-09-08 15:40:55,161 [INFO] WebApp:390 - Apply proxy settings
2023-09-08 15:40:55,161 [INFO] WebApp:475 - Chromium requires no authentication
2023-09-08 15:40:55,169 [INFO] WebApp:418 - Direct internet connection detected
2023-09-08 15:40:55,393 [WARN] PackLoader:240 - Cannot read IP mode file for STMicroelectronics.X-CUBE-SMBUS.2.1.0
2023-09-08 15:40:55,429 [WARN] PackLoader:240 - Cannot read IP mode file for STMicroelectronics.X-CUBE-AZRTOS-F7.1.1.0
2023-09-08 15:40:55,440 [WARN] PackLoader:240 - Cannot read IP mode file for STMicroelectronics.FP-SNS-MOTENV1.4.3.2
2023-09-08 15:40:55,448 [WARN] PackLoader:240 - Cannot read IP mode file for STMicroelectronics.FP-SNS-FLIGHT1.5.0.2
2023-09-08 15:40:55,451 [INFO] WebApp:188 - Starting web application
2023-09-08 15:40:55,451 [INFO] WebApp:520 - Web application path used C:\ST\STM32CubeIDE_1.13.1\STM32CubeIDE\plugins\com.st.stm32cube.common.mx_6.9.1.202307191849\db\plugins\mcufinder\reactClient1\index.html
2023-09-08 15:40:55,462 [WARN] PackLoader:240 - Cannot read IP mode file for STMicroelectronics.X-CUBE-DISPLAY.3.0.0
2023-09-08 15:40:55,490 [WARN] PackLoader:240 - Cannot read IP mode file for STMicroelectronics.X-CUBE-BLE1.7.0.0
2023-09-08 15:40:55,497 [WARN] PackLoader:240 - Cannot read IP mode file for emotas.I-CUBE-CANOPEN.1.3.0
2023-09-08 15:40:55,503 [WARN] PackLoader:240 - Cannot read IP mode file for STMicroelectronics.X-CUBE-TOUCHGFX.4.22.0
2023-09-08 15:40:55,516 [INFO] LogOutputStream:77 - [STDOUT_REDIRECT] 1 : Invalid condition id : UX_CORESTACK_Condition cause : null
2023-09-08 15:40:55,517 [INFO] LogOutputStream:77 - [STDOUT_REDIRECT] 1 : Invalid condition id : UX_CORESTACK_Condition cause : null
2023-09-08 15:40:55,518 [INFO] LogOutputStream:77 - [STDOUT_REDIRECT] 1 : Invalid condition id : UX_CORESTACK_Condition cause : null
2023-09-08 15:40:55,520 [INFO] LogOutputStream:77 - [STDOUT_REDIRECT] 1 : Invalid condition id : UX_CORESTACK_Condition cause : null
2023-09-08 15:40:55,522 [INFO] LogOutputStream:77 - [STDOUT_REDIRECT] 1 : Invalid condition id : UX_CORESTACK_Condition cause : null
2023-09-08 15:40:55,527 [WARN] PackLoader:240 - Cannot read IP mode file for STMicroelectronics.X-CUBE-AZRTOS-WL.2.0.0
2023-09-08 15:40:55,539 [WARN] PackLoader:240 - Cannot read IP mode file for WES.I-CUBE-Cesium.1.3.0
2023-09-08 15:40:55,545 [WARN] PackLoader:240 - Cannot read IP mode file for STMicroelectronics.X-CUBE-BLE2.3.3.0
2023-09-08 15:40:55,553 [WARN] PackLoader:240 - Cannot read IP mode file for STMicroelectronics.X-CUBE-ALGOBUILD.1.3.0
2023-09-08 15:40:55,583 [WARN] PackLoader:240 - Cannot read IP mode file for STMicroelectronics.X-CUBE-AZRTOS-G0.1.1.0
2023-09-08 15:40:55,606 [WARN] PackLoader:240 - Cannot read IP mode file for STMicroelectronics.X-CUBE-NFC4.3.0.0
2023-09-08 15:40:55,612 [WARN] PackLoader:240 - Cannot read IP mode file for STMicroelectronics.FP-ATR-SIGFOX1.3.2.0
2023-09-08 15:40:55,665 [WARN] PackLoader:240 - Cannot read IP mode file for SEGGER.I-CUBE-embOS.1.3.1
2023-09-08 15:40:55,707 [WARN] PackLoader:240 - Cannot read IP mode file for STMicroelectronics.X-CUBE-GNSS1.6.0.0
2023-09-08 15:40:55,770 [WARN] PackLoader:240 - Cannot read IP mode file for STMicroelectronics.X-CUBE-AZRTOS-F4.1.1.0
2023-09-08 15:40:55,779 [WARN] PackLoader:240 - Cannot read IP mode file for wolfSSL.I-CUBE-wolfSSL.5.6.3
2023-09-08 15:40:55,801 [WARN] PackLoader:240 - Cannot read IP mode file for STMicroelectronics.X-CUBE-AZRTOS-L5.2.0.0
2023-09-08 15:40:55,840 [WARN] PackLoader:240 - Cannot read IP mode file for STMicroelectronics.X-CUBE-MEMS1.9.6.0
2023-09-08 15:40:56,156 [WARN] PackLoader:240 - Cannot read IP mode file for STMicroelectronics.X-CUBE-BLEMGR.2.0.0
2023-09-08 15:40:56,179 [WARN] ConditionMgr:438 - getConditionDescription Invalid condition id : UX DEVICE CLASS RTOS Condition cause : null
2023-09-08 15:40:56,179 [WARN] ConditionMgr:438 - getConditionDescription Invalid condition id : UX DEVICE CLASS RTOS Condition cause : null
2023-09-08 15:40:56,182 [WARN] PackLoader:240 - Cannot read IP mode file for STMicroelectronics.X-CUBE-AZRTOS-H7.3.1.0
2023-09-08 15:40:56,183 [WARN] ConditionMgr:1039 - genDependencies : Invalid condition id : UX DEVICE CLASS RTOS Condition cause : null
2023-09-08 15:40:56,183 [WARN] ConditionMgr:1039 - genDependencies : Invalid condition id : UX DEVICE CLASS RTOS Condition cause : null
2023-09-08 15:40:56,184 [WARN] ConditionMgr:1039 - genDependencies : Invalid condition id : UX DEVICE CLASS RTOS Condition cause : null
2023-09-08 15:40:56,184 [WARN] ConditionMgr:1039 - genDependencies : Invalid condition id : UX DEVICE CLASS RTOS Condition cause : null
2023-09-08 15:40:56,184 [WARN] ConditionMgr:1039 - genDependencies : Invalid condition id : UX DEVICE CLASS RTOS Condition cause : null
2023-09-08 15:40:56,194 [WARN] PackLoader:240 - Cannot read IP mode file for STMicroelectronics.X-CUBE-NFC7.1.0.1
2023-09-08 15:40:56,201 [WARN] PackLoader:240 - Cannot read IP mode file for STMicroelectronics.X-CUBE-EEPRMA1.4.1.0
2023-09-08 15:40:56,206 [WARN] PackLoader:240 - Cannot read IP mode file for STMicroelectronics.X-CUBE-AI.8.1.0
2023-09-08 15:40:56,225 [WARN] ConditionMgr:438 - getConditionDescription Invalid condition id : LAN8742 Phy interface Condition cause : null
2023-09-08 15:40:56,226 [WARN] PackLoader:240 - Cannot read IP mode file for STMicroelectronics.X-CUBE-AZRTOS-L4.2.0.0
2023-09-08 15:40:56,238 [WARN] ConditionMgr:1039 - genDependencies : Invalid condition id : LAN8742 Phy interface Condition cause : null
2023-09-08 15:40:56,238 [WARN] ConditionMgr:1039 - genDependencies : Invalid condition id : LAN8742 Phy interface Condition cause : null
2023-09-08 15:40:56,238 [WARN] ConditionMgr:1039 - genDependencies : Invalid condition id : LAN8742 Phy interface Condition cause : null
2023-09-08 15:40:56,246 [WARN] PackLoader:240 - Cannot read IP mode file for STMicroelectronics.X-CUBE-SFXS2LP1.4.0.0
2023-09-08 15:40:56,252 [WARN] PackLoader:240 - Cannot read IP mode file for STMicroelectronics.X-CUBE-ISPU.1.1.0
2023-09-08 15:40:56,287 [WARN] ConditionMgr:438 - getConditionDescription Invalid condition id : UX DEVICE CLASS RTOS Condition cause : null
2023-09-08 15:40:56,287 [WARN] ConditionMgr:438 - getConditionDescription Invalid condition id : UX DEVICE CLASS RTOS Condition cause : null
2023-09-08 15:40:56,296 [WARN] PackLoader:240 - Cannot read IP mode file for STMicroelectronics.X-CUBE-AZRTOS-WB.2.0.0
2023-09-08 15:40:56,297 [WARN] ConditionMgr:1039 - genDependencies : Invalid condition id : UX DEVICE CLASS RTOS Condition cause : null
2023-09-08 15:40:56,297 [WARN] ConditionMgr:1039 - genDependencies : Invalid condition id : UX DEVICE CLASS RTOS Condition cause : null
2023-09-08 15:40:56,298 [WARN] ConditionMgr:1039 - genDependencies : Invalid condition id : UX DEVICE CLASS RTOS Condition cause : null
2023-09-08 15:40:56,298 [WARN] ConditionMgr:1039 - genDependencies : Invalid condition id : UX DEVICE CLASS RTOS Condition cause : null
2023-09-08 15:40:56,298 [WARN] ConditionMgr:1039 - genDependencies : Invalid condition id : UX DEVICE CLASS RTOS Condition cause : null
2023-09-08 15:40:56,309 [WARN] PackLoader:240 - Cannot read IP mode file for STMicroelectronics.X-CUBE-SUBG2.5.0.0
2023-09-08 15:40:56,323 [WARN] PackLoader:240 - Cannot read IP mode file for STMicroelectronics.X-CUBE-TOF1.3.3.1
2023-09-08 15:40:56,358 [WARN] PackLoader:240 - Cannot read IP mode file for STMicroelectronics.X-CUBE-AZRTOS-G4.2.0.0
2023-09-08 15:40:56,366 [WARN] PackLoader:240 - Cannot read IP mode file for STMicroelectronics.X-CUBE-FREERTOS.1.1.0
2023-09-08 15:40:56,371 [WARN] PackLoader:240 - Cannot read IP mode file for portGmbH.I-Cube-SoM-uGOAL.1.1.0
2023-09-08 15:40:56,377 [WARN] PackLoader:240 - Cannot read IP mode file for STMicroelectronics.X-CUBE-ALS.1.0.1
2023-09-08 15:40:56,381 [WARN] PackLoader:240 - Cannot read IP mode file for STMicroelectronics.FP-ATR-ASTRA1.2.0.0
2023-09-08 15:40:56,382 [INFO] ThirdParty:978 - Integrity check success = true
2023-09-08 15:40:56,382 [INFO] IntegrityCheckThread:100 - exiting critical section [integrity check]
2023-09-08 15:40:56,382 [INFO] IntegrityCheckThread:103 - End integrity checks thread
2023-09-08 15:41:16,740 [ERROR] LogOutputStream:75 - [STDERR_REDIRECT] SLF4J: Failed to load class "org.slf4j.impl.StaticLoggerBinder".
2023-09-08 15:41:16,740 [ERROR] LogOutputStream:75 - [STDERR_REDIRECT] SLF4J: Defaulting to no-operation (NOP) logger implementation
2023-09-08 15:41:16,742 [ERROR] LogOutputStream:75 - [STDERR_REDIRECT] SLF4J: See http://www.slf4j.org/codes.html#StaticLoggerBinder for further details.
2023-09-08 15:41:38,588 [INFO] McuFinderGlobals:63 - Set McuFinder mode to 2 (CubeIDE integrated)
2023-09-08 15:41:38,596 [INFO] MainUpdater:2868 - connection check result : 10
2023-09-08 15:41:38,597 [INFO] MainUpdater:2868 - connection check result : 10
2023-09-08 15:41:38,705 [INFO] MicroXplorer:468 - Change Database Path : 
2023-09-08 15:41:38,705 [INFO] MicroXplorer:498 - Change Database Version : DB.6.0.91
2023-09-08 15:41:38,710 [WARN] ThirdParty:871 - waiting for thirdparty lock release [close project]
2023-09-08 15:41:38,710 [INFO] ThirdParty:873 - entering critical section [close project]
2023-09-08 15:41:38,711 [INFO] ThirdParty:883 - exiting critical section [close project]
2023-09-08 15:41:38,713 [INFO] PinOutPanel:1499 - setPackage(No Configuration,No Configuration)
2023-09-08 15:41:38,718 [INFO] UtilMem:75 - Begin LoadConfig() Used Memory: 284159344 Bytes (340787200)
2023-09-08 15:41:38,719 [INFO] MicroXplorer:468 - Change Database Path : 
2023-09-08 15:41:38,719 [INFO] MicroXplorer:498 - Change Database Version : DB.6.0.91
2023-09-08 15:41:38,720 [INFO] OpenFileManager:308 - Change cursor
2023-09-08 15:41:38,772 [INFO] Mcu:1946 - Initializing MCU STM32F411R(C-E)Tx STM32F411RETx STM32F411RET6
2023-09-08 15:41:40,851 [INFO] Context:659 - Trying to add GPIOservice into a context  which must be forbidden
2023-09-08 15:41:41,729 [INFO] RtosManager:555 - Registered RTOS mode: class=CMSIS, group=RTOS, mode=CMSIS_V1, owner=FREERTOS
2023-09-08 15:41:41,729 [INFO] RtosManager:555 - Registered RTOS mode: class=CMSIS, group=RTOS2, mode=CMSIS_V2, owner=FREERTOS
2023-09-08 15:41:41,729 [INFO] RtosManager:555 - Registered RTOS mode: class=RTOS, group=Core, mode=CMSIS_V1, owner=FREERTOS
2023-09-08 15:41:41,729 [INFO] RtosManager:555 - Registered RTOS mode: class=RTOS, group=Core, mode=CMSIS_V2, owner=FREERTOS
2023-09-08 15:41:41,729 [WARN] ModelIntegratedComponent:184 - Missing modes for component STMicroelectronics:FreeRTOS:0.0.1:STMicroelectronics:RTOS:FreeRTOS:Core:::10.2.0:
2023-09-08 15:41:41,734 [WARN] ModelIntegratedComponent:182 - Modes not found for component STMicroelectronics:USB_HOST:1.0.0:STMicroelectronics:USB::USB Host:Audio HS::1.0:USB_HOST_1_0_RESTRICTED_HS
2023-09-08 15:41:41,734 [WARN] ModelIntegratedComponent:188 - Modes not found for component STMicroelectronics:USB_HOST:1.0.0:STMicroelectronics:USB::USB Host:Audio HS::1.0:USB_HOST_1_0_RESTRICTED_HS
2023-09-08 15:41:41,734 [WARN] ModelIntegratedComponent:182 - Modes not found for component STMicroelectronics:USB_HOST:1.0.0:STMicroelectronics:USB::USB Host:CDC HS::1.0:USB_HOST_1_0_RESTRICTED_HS
2023-09-08 15:41:41,734 [WARN] ModelIntegratedComponent:188 - Modes not found for component STMicroelectronics:USB_HOST:1.0.0:STMicroelectronics:USB::USB Host:CDC HS::1.0:USB_HOST_1_0_RESTRICTED_HS
2023-09-08 15:41:41,734 [WARN] ModelIntegratedComponent:182 - Modes not found for component STMicroelectronics:USB_HOST:1.0.0:STMicroelectronics:USB::USB Host:MSC HS::1.0:USB_HOST_1_0_RESTRICTED_HS
2023-09-08 15:41:41,734 [WARN] ModelIntegratedComponent:188 - Modes not found for component STMicroelectronics:USB_HOST:1.0.0:STMicroelectronics:USB::USB Host:MSC HS::1.0:USB_HOST_1_0_RESTRICTED_HS
2023-09-08 15:41:41,734 [WARN] ModelIntegratedComponent:182 - Modes not found for component STMicroelectronics:USB_HOST:1.0.0:STMicroelectronics:USB::USB Host:HID HS::1.0:USB_HOST_1_0_RESTRICTED_HS
2023-09-08 15:41:41,734 [WARN] ModelIntegratedComponent:188 - Modes not found for component STMicroelectronics:USB_HOST:1.0.0:STMicroelectronics:USB::USB Host:HID HS::1.0:USB_HOST_1_0_RESTRICTED_HS
2023-09-08 15:41:41,734 [WARN] ModelIntegratedComponent:182 - Modes not found for component STMicroelectronics:USB_HOST:1.0.0:STMicroelectronics:USB::USB Host:MTP HS::1.0:USB_HOST_1_0_RESTRICTED_HS
2023-09-08 15:41:41,735 [WARN] ModelIntegratedComponent:188 - Modes not found for component STMicroelectronics:USB_HOST:1.0.0:STMicroelectronics:USB::USB Host:MTP HS::1.0:USB_HOST_1_0_RESTRICTED_HS
2023-09-08 15:41:41,750 [WARN] ModelIntegratedComponent:63 - No mode defined for component null
2023-09-08 15:41:41,750 [WARN] ModelIntegratedComponent:63 - No mode defined for component null
2023-09-08 15:41:41,751 [WARN] ModelIntegratedComponent:63 - No mode defined for component null
2023-09-08 15:41:41,751 [WARN] ModelIntegratedComponent:63 - No mode defined for component null
2023-09-08 15:41:41,751 [WARN] ModelIntegratedComponent:63 - No mode defined for component null
2023-09-08 15:41:41,751 [WARN] ModelIntegratedComponent:63 - No mode defined for component null
2023-09-08 15:41:41,751 [WARN] ModelIntegratedComponent:63 - No mode defined for component null
2023-09-08 15:41:41,751 [WARN] ModelIntegratedComponent:63 - No mode defined for component null
2023-09-08 15:41:41,751 [WARN] ModelIntegratedComponent:63 - No mode defined for component null
2023-09-08 15:41:41,751 [WARN] ModelIntegratedComponent:63 - No mode defined for component null
2023-09-08 15:41:41,751 [WARN] ModelIntegratedComponent:63 - No mode defined for component null
2023-09-08 15:41:41,751 [WARN] ModelIntegratedComponent:63 - No mode defined for component null
2023-09-08 15:41:41,751 [WARN] ModelIntegratedComponent:63 - No mode defined for component null
2023-09-08 15:41:41,751 [WARN] ModelIntegratedComponent:63 - No mode defined for component null
2023-09-08 15:41:41,751 [WARN] ModelIntegratedComponent:63 - No mode defined for component null
2023-09-08 15:41:41,751 [WARN] ModelIntegratedComponent:63 - No mode defined for component null
2023-09-08 15:41:41,751 [WARN] ModelIntegratedComponent:63 - No mode defined for component null
2023-09-08 15:41:41,752 [WARN] ModelIntegratedComponent:63 - No mode defined for component null
2023-09-08 15:41:41,752 [WARN] ModelIntegratedComponent:63 - No mode defined for component null
2023-09-08 15:41:41,752 [WARN] ModelIntegratedComponent:63 - No mode defined for component null
2023-09-08 15:41:41,752 [WARN] ModelIntegratedComponent:63 - No mode defined for component null
2023-09-08 15:41:41,752 [WARN] ModelIntegratedComponent:63 - No mode defined for component null
2023-09-08 15:41:41,752 [WARN] ModelIntegratedComponent:63 - No mode defined for component null
2023-09-08 15:41:41,752 [WARN] ModelIntegratedComponent:63 - No mode defined for component null
2023-09-08 15:41:41,752 [WARN] ModelIntegratedComponent:63 - No mode defined for component null
2023-09-08 15:41:41,752 [WARN] ModelIntegratedComponent:63 - No mode defined for component null
2023-09-08 15:41:41,752 [WARN] ModelIntegratedComponent:63 - No mode defined for component null
2023-09-08 15:41:41,752 [WARN] ModelIntegratedComponent:63 - No mode defined for component null
2023-09-08 15:41:41,752 [WARN] ModelIntegratedComponent:63 - No mode defined for component null
2023-09-08 15:41:41,752 [WARN] ModelIntegratedComponent:63 - No mode defined for component null
2023-09-08 15:41:41,752 [WARN] ModelIntegratedComponent:63 - No mode defined for component null
2023-09-08 15:41:41,752 [WARN] ModelIntegratedComponent:63 - No mode defined for component null
2023-09-08 15:41:41,752 [WARN] ModelIntegratedComponent:63 - No mode defined for component null
2023-09-08 15:41:41,763 [WARN] ModelIntegratedComponent:182 - Modes not found for component STMicroelectronics:USB_DEVICE:1.0.0:STMicroelectronics:USB::USB Device:Audio HS::1.0:USB_DEVICE_1_0_RESTRICTED_HS
2023-09-08 15:41:41,763 [WARN] ModelIntegratedComponent:188 - Modes not found for component STMicroelectronics:USB_DEVICE:1.0.0:STMicroelectronics:USB::USB Device:Audio HS::1.0:USB_DEVICE_1_0_RESTRICTED_HS
2023-09-08 15:41:41,763 [WARN] ModelIntegratedComponent:182 - Modes not found for component STMicroelectronics:USB_DEVICE:1.0.0:STMicroelectronics:USB::USB Device:CDC HS::1.0:USB_DEVICE_1_0_RESTRICTED_HS
2023-09-08 15:41:41,763 [WARN] ModelIntegratedComponent:188 - Modes not found for component STMicroelectronics:USB_DEVICE:1.0.0:STMicroelectronics:USB::USB Device:CDC HS::1.0:USB_DEVICE_1_0_RESTRICTED_HS
2023-09-08 15:41:41,763 [WARN] ModelIntegratedComponent:182 - Modes not found for component STMicroelectronics:USB_DEVICE:1.0.0:STMicroelectronics:USB::USB Device:DFU HS::1.0:USB_DEVICE_1_0_RESTRICTED_HS
2023-09-08 15:41:41,763 [WARN] ModelIntegratedComponent:188 - Modes not found for component STMicroelectronics:USB_DEVICE:1.0.0:STMicroelectronics:USB::USB Device:DFU HS::1.0:USB_DEVICE_1_0_RESTRICTED_HS
2023-09-08 15:41:41,763 [WARN] ModelIntegratedComponent:182 - Modes not found for component STMicroelectronics:USB_DEVICE:1.0.0:STMicroelectronics:USB::USB Device:HID HS::1.0:USB_DEVICE_1_0_RESTRICTED_HS
2023-09-08 15:41:41,764 [WARN] ModelIntegratedComponent:188 - Modes not found for component STMicroelectronics:USB_DEVICE:1.0.0:STMicroelectronics:USB::USB Device:HID HS::1.0:USB_DEVICE_1_0_RESTRICTED_HS
2023-09-08 15:41:41,764 [WARN] ModelIntegratedComponent:182 - Modes not found for component STMicroelectronics:USB_DEVICE:1.0.0:STMicroelectronics:USB::USB Device:Custom HID HS::1.0:USB_DEVICE_1_0_RESTRICTED_HS
2023-09-08 15:41:41,764 [WARN] ModelIntegratedComponent:188 - Modes not found for component STMicroelectronics:USB_DEVICE:1.0.0:STMicroelectronics:USB::USB Device:Custom HID HS::1.0:USB_DEVICE_1_0_RESTRICTED_HS
2023-09-08 15:41:41,764 [WARN] ModelIntegratedComponent:182 - Modes not found for component STMicroelectronics:USB_DEVICE:1.0.0:STMicroelectronics:USB::USB Device:MSC HS::1.0:USB_DEVICE_1_0_RESTRICTED_HS
2023-09-08 15:41:41,764 [WARN] ModelIntegratedComponent:188 - Modes not found for component STMicroelectronics:USB_DEVICE:1.0.0:STMicroelectronics:USB::USB Device:MSC HS::1.0:USB_DEVICE_1_0_RESTRICTED_HS
2023-09-08 15:41:41,785 [INFO] ThirdPartyModel:298 - Start build external matchings
2023-09-08 15:41:42,392 [INFO] ThirdPartyModel:316 - End build external matchings
2023-09-08 15:41:42,417 [INFO] ImportTextPane:194 - (OptionalMessage_ERROR) IP (DMA) : Parameter (Instance) has Id (ADC1) currently not set
2023-09-08 15:41:42,417 [INFO] ImportTextPane:194 - (OptionalMessage_ERROR) IP (DMA) : Parameter (Channel) has Id (ADC1) currently not set
2023-09-08 15:41:42,417 [INFO] ImportTextPane:194 - (OptionalMessage_ERROR) IP (DMA) : Parameter (Direction) has Id (ADC1) currently not set
2023-09-08 15:41:42,418 [INFO] ImportTextPane:194 - (OptionalMessage_ERROR) IP (DMA) : Parameter (PeriphInc) has Id (ADC1) currently not set
2023-09-08 15:41:42,418 [INFO] ImportTextPane:194 - (OptionalMessage_ERROR) IP (DMA) : Parameter (MemInc) has Id (ADC1) currently not set
2023-09-08 15:41:42,418 [INFO] ImportTextPane:194 - (OptionalMessage_ERROR) IP (DMA) : Parameter (PeriphDataAlignment) has Id (ADC1) currently not set
2023-09-08 15:41:42,418 [INFO] ImportTextPane:194 - (OptionalMessage_ERROR) IP (DMA) : Parameter (MemDataAlignment) has Id (ADC1) currently not set
2023-09-08 15:41:42,418 [INFO] ImportTextPane:194 - (OptionalMessage_ERROR) IP (DMA) : Parameter (Mode) has Id (ADC1) currently not set
2023-09-08 15:41:42,418 [INFO] ImportTextPane:194 - (OptionalMessage_ERROR) IP (DMA) : Parameter (Priority) has Id (ADC1) currently not set
2023-09-08 15:41:42,419 [INFO] ImportTextPane:194 - (OptionalMessage_ERROR) IP (DMA) : Parameter (FIFOMode) has Id (ADC1) currently not set
2023-09-08 15:41:42,420 [INFO] ImportTextPane:194 - (OptionalMessage_ERROR) IP (RCC) : Parameter (48MHZClocksFreq_Value) has invalid value (50000000)
2023-09-08 15:41:42,422 [INFO] ImportTextPane:194 - (OptionalMessage_ERROR) IP (RCC) : Parameter (FLatency) has Id (AdvancedSettings) currently not set
2023-09-08 15:41:42,423 [INFO] ImportTextPane:194 - (OptionalMessage_ERROR) IP (RCC) : Parameter (RTCHSEDivFreq_Value) has invalid value (4000000)
2023-09-08 15:41:43,351 [INFO] UtilMem:75 - End LoadConfig() Used Memory: 355199160 Bytes (667942912)
2023-09-08 15:41:43,572 [INFO] ApiDb:581 - Connected to CubeFinder SQLite database (C:\Users\nammoom\.stmcufinder\plugins\mcufinder\mcu\cube-finder-db.db)
2023-09-08 15:41:43,657 [INFO] ApiDb:668 - CubeFinder database Data Model version=2.1
2023-09-08 15:41:43,657 [INFO] ApiDb:669 - CubeFinder database Configuration version=3.0.37
2023-09-08 15:41:43,657 [INFO] ApiDb:670 - CubeFinder database generation date=2023-08-09 (1691586011)
2023-09-08 15:41:43,657 [INFO] ApiDb:671 - CubeFinder database FW Pack versions=[FP-ATR-ASTRA1_V2.0.0, FP-SNS-FLIGHT1_V5.0.1, FP-SNS-FLIGHT1_V5.0.2, FP-SNS-MOTENV1_V4.3.1, FP-SNS-MOTENV1_V4.3.2, STM32Cube_FW_C0_V1.1.0, STM32Cube_FW_F4_V1.27.1, STM32Cube_FW_F7_V1.17.0, STM32Cube_FW_G0_V1.6.1, STM32Cube_FW_G4_V1.5.1, STM32Cube_FW_H5_V0.5.1, STM32Cube_FW_H5_V1.1.0, STM32Cube_FW_H7_V1.11.0, STM32Cube_FW_L0_V1.12.2, STM32Cube_FW_L5_V1.5.0, STM32Cube_FW_U5_V1.3.0, STM32Cube_FW_U5_V1.3.0RC4, STM32Cube_FW_WBA_V1.0.0RC1, STM32Cube_FW_WBA_V1.1.0, STM32Cube_FW_WBA_V1.1.0RC1, STM32Cube_FW_WB_V1.15.0RC1, STM32Cube_FW_WB_V1.16.0, STM32Cube_FW_WB_V1.16.0RC2, STM32Cube_FW_WB_V1.17.0, STM32Cube_FW_WL_V1.3.0, X-CUBE-ALGOBUILD_V1.3.0, X-CUBE-ALS_V1.0.1, X-CUBE-AZRTOS-F4_V1.1.0, X-CUBE-AZRTOS-F7_V1.1.0, X-CUBE-AZRTOS-G0_V1.1.0, X-CUBE-AZRTOS-G4_V2.0.0, X-CUBE-AZRTOS-H7_V3.1.0, X-CUBE-AZRTOS-L4_V1.0.0, X-CUBE-AZRTOS-L4_V2.0.0, X-CUBE-AZRTOS-L5_V1.1.0, X-CUBE-AZRTOS-WB_V1.1.0, X-CUBE-AZRTOS-WL_V2.0.0, X-CUBE-BLE1_V7.0.0, X-CUBE-BLE2_V3.3.0, X-CUBE-BLEMGR_V2.0.0, X-CUBE-EEPRMA1_V4.1.0, X-CUBE-FREERTOS_V1.1.0, X-CUBE-GNSS1_V6.0.0, X-CUBE-MEMS1_V9.1.0, X-CUBE-MEMS1_V9.4.0, X-CUBE-MEMS1_V9.6.0, X-CUBE-NFC4_V3.0.0, X-CUBE-NFC7_V1.0.0, X-CUBE-SFXS2LP1_V4.0.0, X-CUBE-SUBG2_V5.0.0, X-CUBE-TOF1_V3.3.1]
2023-09-08 15:41:46,267 [INFO] ApiDb:240 - Found 323 in-development CPN: [B-G473E-ZEST1S, B-WB1M-WPAN1, B-WL5M-SUBG1, NUCLEO-C031C6, NUCLEO-H503RB, NUCLEO-H563ZI, NUCLEO-U545RE-Q, NUCLEO-U5A5ZJ-Q, NUCLEO-WBA52CG, STEVAL-PROTEUS1, STEVAL-SMARTAG2, STEVAL-STWINBX1, STM320518-EVAL, STM32C0116-DK, STM32C011D6Y3TR, STM32C011D6Y6TR, STM32C011F4P3, STM32C011F4P6, STM32C011F4U3, STM32C011F4U6TR, STM32C011F6P3, STM32C011F6P6, STM32C011F6U3, STM32C011F6U6TR, STM32C011J4M3, STM32C011J4M6, STM32C011J6M3, STM32C011J6M6, STM32C0316-DK, STM32C031C4T3, STM32C031C4T6, STM32C031C4U3, STM32C031C4U6, STM32C031C6T3, STM32C031C6T6, STM32C031C6U3, STM32C031C6U6, STM32C031F4P3, STM32C031F4P6, STM32C031F6P3, STM32C031F6P6, STM32C031G4U3, STM32C031G4U6, STM32C031G6U3, STM32C031G6U6, STM32C031K4T3, STM32C031K4T6, STM32C031K4U3, STM32C031K4U6, STM32C031K6T3, STM32C031K6T6, STM32C031K6U3, STM32C031K6U6, STM32G071K8TXN, STM32G071K8UXN, STM32G081GBU6N, STM32G081KBT6N, STM32G081KBUXN, STM32G0B1CCT6N, STM32G0B1KCT6, STM32G0B1NEY6TR, STM32G0B1RCT6N, STM32G0C1CCT6, STM32G0C1CCT6N, STM32G0C1CCU6N, STM32G0C1CET6N, STM32G0C1CEU6N, STM32G0C1KCT6, STM32G0C1NEY6TR, STM32G0C1RCI6N, STM32G0C1RCT6N, STM32G0C1REI6N, STM32G0C1RET6N, STM32G0C1VCI6, STM32G0C1VEI6, STM32G471CCT6, STM32G471CCU6, STM32G471CET3, STM32G471CET6, STM32G471CEU3, STM32G471CEU6, STM32G471MCT6, STM32G471MET3, STM32G471MET6, STM32G471MEY6TR, STM32G471QCT6, STM32G471QET3, STM32G471RCT6, STM32G471RET3, STM32G471RET6, STM32G471VCH6, STM32G471VCI6, STM32G471VCT6, STM32G471VEH3, STM32G471VEH6, STM32G471VEI3, STM32G471VEI6, STM32G471VET3, STM32G471VET6, STM32G474CCT6, STM32H503CBT6, STM32H503CBU6, STM32H503EBY6TR, STM32H503KBU6, STM32H503RBT6, STM32H562AGI6, STM32H562AII6, STM32H562IGK6, STM32H562IGT6, STM32H562IIK6, STM32H562IIT6, STM32H562RGT6, STM32H562RGV6, STM32H562RIT6, STM32H562RIV6, STM32H562VGT6, STM32H562VIT6, STM32H562ZGT6, STM32H562ZIT6, STM32H563AGI6, STM32H563AII3Q, STM32H563AII6, STM32H563IGK6, STM32H563IGT6, STM32H563IIK3Q, STM32H563IIK6, STM32H563IIT3Q, STM32H563IIT6, STM32H563MIY3QTR, STM32H563RGT6, STM32H563RGV6, STM32H563RIT6, STM32H563RIV6, STM32H563VGT6, STM32H563VIT3Q, STM32H563VIT6, STM32H563ZGT6, STM32H563ZIT3Q, STM32H563ZIT6, STM32H573AII3Q, STM32H573AII6, STM32H573I-DK, STM32H573IIK3Q, STM32H573IIK6, STM32H573IIT3Q, STM32H573IIT6, STM32H573MIY3QTR, STM32H573RIT6, STM32H573RIV6, STM32H573VIT3Q, STM32H573VIT6, STM32H573ZIT3Q, STM32H573ZIT6, STM32L4R5QGI6STR, STM32MP131AAE3, STM32MP131AAF3, STM32MP131AAG3, STM32MP131CAE3, STM32MP131CAF3, STM32MP131CAG3, STM32MP131DAE7, STM32MP131DAF7, STM32MP131DAG7, STM32MP131FAE7, STM32MP131FAF7, STM32MP131FAG7, STM32MP133AAE3, STM32MP133AAF3, STM32MP133AAG3, STM32MP133CAE3, STM32MP133CAF3, STM32MP133CAG3, STM32MP133DAE7, STM32MP133DAF7, STM32MP133DAG7, STM32MP133FAE7, STM32MP133FAF7, STM32MP133FAG7, STM32MP135AAE3, STM32MP135AAF3, STM32MP135AAG3, STM32MP135CAE3, STM32MP135CAF3, STM32MP135CAG3, STM32MP135DAE7, STM32MP135DAF7, STM32MP135DAG7, STM32MP135F-DK, STM32MP135FAE7, STM32MP135FAF7, STM32MP135FAF7T, STM32MP135FAF7U, STM32MP135FAG7, STM32U535CBT6, STM32U535CBT6Q, STM32U535CBU6, STM32U535CBU6Q, STM32U535CCT6, STM32U535CCT6Q, STM32U535CCU6, STM32U535CCU6Q, STM32U535CET6, STM32U535CET6Q, STM32U535CEU6, STM32U535CEU6Q, STM32U535JEY6QTR, STM32U535NCY6QTR, STM32U535NEY6QTR, STM32U535RBI6, STM32U535RBI6Q, STM32U535RBT6, STM32U535RBT6Q, STM32U535RCI6, STM32U535RCI6Q, STM32U535RCT6, STM32U535RCT6Q, STM32U535REI6, STM32U535REI6Q, STM32U535RET6, STM32U535RET6Q, STM32U535VCI6, STM32U535VCI6Q, STM32U535VCT6, STM32U535VCT6Q, STM32U535VEI6, STM32U535VEI6Q, STM32U535VET6, STM32U535VET6Q, STM32U545CET6, STM32U545CET6Q, STM32U545CEU6, STM32U545CEU6Q, STM32U545JEY6QTR, STM32U545NEY6QTR, STM32U545REI6, STM32U545REI6Q, STM32U545RET6, STM32U545RET6Q, STM32U545VEI6, STM32U545VEI6Q, STM32U545VET6, STM32U545VET6Q, STM32U595AIH6, STM32U595AIH6Q, STM32U595AJH6, STM32U595AJH6Q, STM32U595QII6, STM32U595QII6Q, STM32U595QJI6, STM32U595QJI6Q, STM32U595RIT6, STM32U595RIT6Q, STM32U595RJT6, STM32U595RJT6Q, STM32U595VIT6, STM32U595VIT6Q, STM32U595VJT6, STM32U595VJT6Q, STM32U595ZIT6, STM32U595ZIT6Q, STM32U595ZIY6QTR, STM32U595ZJT6, STM32U595ZJT6Q, STM32U595ZJY6QTR, STM32U599BJY6QTR, STM32U599NIH6Q, STM32U599NJH6Q, STM32U599VIT6Q, STM32U599VJT6, STM32U599VJT6Q, STM32U599ZIT6Q, STM32U599ZIY6QTR, STM32U599ZJT6Q, STM32U599ZJY6QTR, STM32U5A5AJH6, STM32U5A5AJH6Q, STM32U5A5QJI6, STM32U5A5QJI6Q, STM32U5A5RJT6, STM32U5A5RJT6Q, STM32U5A5VJT6, STM32U5A5VJT6Q, STM32U5A5ZJT6, STM32U5A5ZJT6Q, STM32U5A5ZJY6QTR, STM32U5A9BJY6QTR, STM32U5A9J-DK, STM32U5A9NJH6Q, STM32U5A9VJT6Q, STM32U5A9ZJT6Q, STM32U5A9ZJY6QTR, STM32U5F7VIT6, STM32U5F7VIT6Q, STM32U5F7VJT6, STM32U5F7VJT6Q, STM32U5F9BJY6QTR, STM32U5F9NJH6Q, STM32U5F9VIT6Q, STM32U5F9VJT6Q, STM32U5F9ZIJ6QTR, STM32U5F9ZIT6Q, STM32U5F9ZJJ6QTR, STM32U5F9ZJT6Q, STM32U5G7VJT6, STM32U5G7VJT6Q, STM32U5G9BJY6QTR, STM32U5G9J-DK1, STM32U5G9J-DK2, STM32U5G9NJH6Q, STM32U5G9VJT6Q, STM32U5G9ZJJ6QTR, STM32U5G9ZJT6Q, STM32WB1MMCH6, STM32WBA52CEU6, STM32WBA52CEU6T, STM32WBA52CGU6, STM32WBA52CGU6T, STM32WBA52KEU6, STM32WBA52KEU6T, STM32WBA52KGU6, STM32WBA52KGU6T, STM32WL5MOCH6, STM32WL5MOCH6TR]
2023-09-08 15:41:46,274 [INFO] DbMcus:217 - Found 3848 MCUs, 3848 are supported
2023-09-08 15:41:46,275 [INFO] ApiDb:423 - Load user favorites file C:\Users\nammoom/.stm32cubeide/favorites.mcus.txt: 0 item(s)
2023-09-08 15:41:46,275 [INFO] ApiDb:427 - User favorites MCUs=[]
2023-09-08 15:41:46,276 [INFO] DbMcus:223 - Set 0 / 0 favorites MCUs
2023-09-08 15:41:46,638 [WARN] ThirdParty:833 - waiting for thirdparty lock release [change project]
2023-09-08 15:41:46,638 [INFO] ThirdParty:835 - entering critical section [change project]
2023-09-08 15:41:46,639 [INFO] ThirdParty:1030 - CMSIS Pack Vendor :STMicroelectronics X-CUBE-ISPU 1.1.0
2023-09-08 15:41:46,639 [INFO] ThirdParty:1030 - CMSIS Pack Vendor :STMicroelectronics USBPD 4.1
2023-09-08 15:41:46,639 [INFO] ThirdParty:1030 - CMSIS Pack Vendor :STMicroelectronics X-CUBE-GNSS1 6.0.0
2023-09-08 15:41:46,639 [INFO] ThirdParty:1030 - CMSIS Pack Vendor :STMicroelectronics USB_HOST 2.0.0
2023-09-08 15:41:46,639 [INFO] ThirdParty:1030 - CMSIS Pack Vendor :STMicroelectronics X-CUBE-AZRTOS-F4 1.1.0
2023-09-08 15:41:46,639 [INFO] ThirdParty:1030 - CMSIS Pack Vendor :STMicroelectronics LIBJPEG 8.0.0
2023-09-08 15:41:46,639 [INFO] ThirdParty:1030 - CMSIS Pack Vendor :wolfSSL I-CUBE-wolfSSL 5.6.3
2023-09-08 15:41:46,639 [INFO] ThirdParty:1030 - CMSIS Pack Vendor :STMicroelectronics X-CUBE-SMBUS 2.1.0
2023-09-08 15:41:46,639 [INFO] ThirdParty:1030 - CMSIS Pack Vendor :STMicroelectronics USB_DEVICE 3.0.0
2023-09-08 15:41:46,639 [INFO] ThirdParty:1030 - CMSIS Pack Vendor :STMicroelectronics X-CUBE-AZRTOS-WB 2.0.0
2023-09-08 15:41:46,639 [INFO] ThirdParty:1030 - CMSIS Pack Vendor :STMicroelectronics X-CUBE-AZRTOS-F7 1.1.0
2023-09-08 15:41:46,639 [INFO] ThirdParty:1030 - CMSIS Pack Vendor :STMicroelectronics X-CUBE-AZRTOS-L5 2.0.0
2023-09-08 15:41:46,639 [INFO] ThirdParty:1030 - CMSIS Pack Vendor :STMicroelectronics USB_DEVICE 2.0.0
2023-09-08 15:41:46,639 [INFO] ThirdParty:1030 - CMSIS Pack Vendor :STMicroelectronics X-CUBE-MEMS1 9.6.0
2023-09-08 15:41:46,640 [INFO] ThirdParty:1030 - CMSIS Pack Vendor :STMicroelectronics FP-SNS-MOTENV1 4.3.2
2023-09-08 15:41:46,640 [INFO] ThirdParty:1030 - CMSIS Pack Vendor :STMicroelectronics X-CUBE-ALGOBUILD 1.3.0
2023-09-08 15:41:46,640 [INFO] ThirdParty:1030 - CMSIS Pack Vendor :STMicroelectronics FreeRTOS 0.0.1
2023-09-08 15:41:46,640 [INFO] ThirdParty:1030 - CMSIS Pack Vendor :STMicroelectronics X-CUBE-AZRTOS-G0 1.1.0
2023-09-08 15:41:46,640 [INFO] ThirdParty:1030 - CMSIS Pack Vendor :STMicroelectronics X-CUBE-BLEMGR 2.0.0
2023-09-08 15:41:46,640 [INFO] ThirdParty:1030 - CMSIS Pack Vendor :STMicroelectronics X-CUBE-NFC4 3.0.0
2023-09-08 15:41:46,640 [INFO] ThirdParty:1030 - CMSIS Pack Vendor :STMicroelectronics X-CUBE-SUBG2 5.0.0
2023-09-08 15:41:46,640 [INFO] ThirdParty:1030 - CMSIS Pack Vendor :STMicroelectronics STM32_WPAN 1.0.0
2023-09-08 15:41:46,640 [INFO] ThirdParty:1030 - CMSIS Pack Vendor :STMicroelectronics lwIP 2.0.3
2023-09-08 15:41:46,640 [INFO] ThirdParty:1030 - CMSIS Pack Vendor :STMicroelectronics FP-SNS-FLIGHT1 5.0.2
2023-09-08 15:41:46,640 [INFO] ThirdParty:1030 - CMSIS Pack Vendor :STMicroelectronics USB_HOST 1.0.0
2023-09-08 15:41:46,640 [INFO] ThirdParty:1030 - CMSIS Pack Vendor :STMicroelectronics X-CUBE-TOF1 3.3.1
2023-09-08 15:41:46,640 [INFO] ThirdParty:1030 - CMSIS Pack Vendor :STMicroelectronics X-CUBE-AZRTOS-G4 2.0.0
2023-09-08 15:41:46,640 [INFO] ThirdParty:1030 - CMSIS Pack Vendor :STMicroelectronics PDM2PCM 3.1.0
2023-09-08 15:41:46,640 [INFO] ThirdParty:1030 - CMSIS Pack Vendor :STMicroelectronics X-CUBE-AZRTOS-H7 3.1.0
2023-09-08 15:41:46,640 [INFO] ThirdParty:1030 - CMSIS Pack Vendor :STMicroelectronics PDM2PCM 3.3.0
2023-09-08 15:41:46,641 [INFO] ThirdParty:1030 - CMSIS Pack Vendor :STMicroelectronics X-CUBE-DISPLAY 3.0.0
2023-09-08 15:41:46,641 [INFO] ThirdParty:1030 - CMSIS Pack Vendor :STMicroelectronics X-CUBE-BLE1 7.0.0
2023-09-08 15:41:46,641 [INFO] ThirdParty:1030 - CMSIS Pack Vendor :STMicroelectronics FP-ATR-SIGFOX1 3.2.0
2023-09-08 15:41:46,641 [INFO] ThirdParty:1030 - CMSIS Pack Vendor :STMicroelectronics HAL Drivers 0.0.0
2023-09-08 15:41:46,641 [INFO] ThirdParty:1030 - CMSIS Pack Vendor :STMicroelectronics MBEDTLS 2.16.2
2023-09-08 15:41:46,641 [INFO] ThirdParty:1030 - CMSIS Pack Vendor :emotas I-CUBE-CANOPEN 1.3.0
2023-09-08 15:41:46,641 [INFO] ThirdParty:1030 - CMSIS Pack Vendor :STMicroelectronics X-CUBE-FREERTOS 1.1.0
2023-09-08 15:41:46,641 [INFO] ThirdParty:1030 - CMSIS Pack Vendor :STMicroelectronics X-CUBE-TOUCHGFX 4.22.0
2023-09-08 15:41:46,641 [INFO] ThirdParty:1030 - CMSIS Pack Vendor :STMicroelectronics X-CUBE-NFC7 1.0.1
2023-09-08 15:41:46,641 [INFO] ThirdParty:1030 - CMSIS Pack Vendor :STMicroelectronics MBEDTLS 2.14.1
2023-09-08 15:41:46,641 [INFO] ThirdParty:1030 - CMSIS Pack Vendor :STMicroelectronics X-CUBE-EEPRMA1 4.1.0
2023-09-08 15:41:46,641 [INFO] ThirdParty:1030 - CMSIS Pack Vendor :portGmbH I-Cube-SoM-uGOAL 1.1.0
2023-09-08 15:41:46,641 [INFO] ThirdParty:1030 - CMSIS Pack Vendor :STMicroelectronics X-CUBE-ALS 1.0.1
2023-09-08 15:41:46,641 [INFO] ThirdParty:1030 - CMSIS Pack Vendor :STMicroelectronics ThreadX 1.0.0
2023-09-08 15:41:46,641 [INFO] ThirdParty:1030 - CMSIS Pack Vendor :STMicroelectronics X-CUBE-AZRTOS-WL 2.0.0
2023-09-08 15:41:46,641 [INFO] ThirdParty:1030 - CMSIS Pack Vendor :SEGGER I-CUBE-embOS 1.3.1
2023-09-08 15:41:46,641 [INFO] ThirdParty:1030 - CMSIS Pack Vendor :STMicroelectronics USB_DEVICE 1.0.0
2023-09-08 15:41:46,642 [INFO] ThirdParty:1030 - CMSIS Pack Vendor :STMicroelectronics X-CUBE-AI 8.1.0
2023-09-08 15:41:46,642 [INFO] ThirdParty:1030 - CMSIS Pack Vendor :STMicroelectronics X-CUBE-AZRTOS-L4 2.0.0
2023-09-08 15:41:46,642 [INFO] ThirdParty:1030 - CMSIS Pack Vendor :STMicroelectronics ThreadX 0.0.2
2023-09-08 15:41:46,642 [INFO] ThirdParty:1030 - CMSIS Pack Vendor :WES I-CUBE-Cesium 1.3.0
2023-09-08 15:41:46,642 [INFO] ThirdParty:1030 - CMSIS Pack Vendor :STMicroelectronics FP-ATR-ASTRA1 2.0.0
2023-09-08 15:41:46,642 [INFO] ThirdParty:1030 - CMSIS Pack Vendor :STMicroelectronics lwIP 2.1.2
2023-09-08 15:41:46,642 [INFO] ThirdParty:1030 - CMSIS Pack Vendor :STMicroelectronics X-CUBE-SFXS2LP1 4.0.0
2023-09-08 15:41:46,642 [INFO] ThirdParty:1030 - CMSIS Pack Vendor :STMicroelectronics X-CUBE-BLE2 3.3.0
2023-09-08 15:41:46,642 [INFO] ThirdParty:1030 - CMSIS Pack Vendor :STMicroelectronics PDM2PCM 3.2.0
2023-09-08 15:41:46,642 [INFO] ThirdParty:841 - exiting critical section [change project]
2023-09-08 15:41:47,048 [INFO] PinOutPanel:1499 - setPackage(No Configuration,No Configuration)
2023-09-08 15:41:47,050 [INFO] PinOutPanel:1499 - setPackage(STM32F411RETx,LQFP64)
2023-09-08 15:41:47,795 [INFO] UtilMem:75 - Before build in PCC Used Memory: 360471536 Bytes (667942912)
2023-09-08 15:41:49,225 [INFO] UtilMem:75 - After build in PCC Used Memory: 294408672 Bytes (667942912)
2023-09-08 15:41:49,261 [INFO] IPUIPlugin:80 - create IPUIPlugin
2023-09-08 15:41:49,262 [INFO] IPUIPlugin:80 - create IPUIPlugin
2023-09-08 15:41:49,262 [INFO] IPUIPlugin:80 - create IPUIPlugin
2023-09-08 15:41:49,262 [INFO] IPUIPlugin:80 - create IPUIPlugin
2023-09-08 15:41:49,263 [INFO] IPUIPlugin:80 - create IPUIPlugin
2023-09-08 15:41:49,263 [INFO] IPUIPlugin:80 - create IPUIPlugin
2023-09-08 15:41:49,263 [INFO] IPUIPlugin:80 - create IPUIPlugin
2023-09-08 15:41:49,263 [INFO] IPUIPlugin:80 - create IPUIPlugin
2023-09-08 15:41:49,263 [INFO] IPUIPlugin:80 - create IPUIPlugin
2023-09-08 15:41:49,263 [INFO] IPUIPlugin:80 - create IPUIPlugin
2023-09-08 15:41:49,264 [INFO] IPUIPlugin:80 - create IPUIPlugin
2023-09-08 15:41:49,264 [INFO] IPUIPlugin:80 - create IPUIPlugin
2023-09-08 15:41:49,264 [INFO] IPUIPlugin:80 - create IPUIPlugin
2023-09-08 15:41:49,264 [INFO] IPUIPlugin:80 - create IPUIPlugin
2023-09-08 15:41:49,265 [INFO] IPUIPlugin:80 - create IPUIPlugin
2023-09-08 15:41:49,266 [INFO] IPUIPlugin:80 - create IPUIPlugin
2023-09-08 15:41:49,266 [INFO] IPUIPlugin:80 - create IPUIPlugin
2023-09-08 15:41:49,266 [INFO] IPUIPlugin:80 - create IPUIPlugin
2023-09-08 15:41:49,266 [INFO] IPUIPlugin:80 - create IPUIPlugin
2023-09-08 15:41:49,267 [INFO] IPUIPlugin:80 - create IPUIPlugin
2023-09-08 15:41:49,267 [INFO] IPUIPlugin:80 - create IPUIPlugin
2023-09-08 15:41:49,267 [INFO] IPUIPlugin:80 - create IPUIPlugin
2023-09-08 15:41:49,267 [INFO] IPUIPlugin:80 - create IPUIPlugin
2023-09-08 15:41:49,267 [INFO] IPUIPlugin:80 - create IPUIPlugin
2023-09-08 15:41:49,267 [INFO] IPUIPlugin:80 - create IPUIPlugin
2023-09-08 15:41:49,268 [INFO] IPUIPlugin:80 - create IPUIPlugin
2023-09-08 15:41:49,268 [INFO] IPUIPlugin:80 - create IPUIPlugin
2023-09-08 15:41:49,268 [INFO] IPUIPlugin:80 - create IPUIPlugin
2023-09-08 15:41:49,268 [INFO] IPUIPlugin:80 - create IPUIPlugin
2023-09-08 15:41:49,268 [INFO] IPUIPlugin:80 - create IPUIPlugin
2023-09-08 15:41:49,269 [INFO] IPUIPlugin:80 - create IPUIPlugin
2023-09-08 15:41:49,269 [INFO] IPUIPlugin:80 - create IPUIPlugin
2023-09-08 15:41:49,269 [INFO] IPUIPlugin:80 - create IPUIPlugin
2023-09-08 15:41:49,269 [INFO] IPUIPlugin:80 - create IPUIPlugin
2023-09-08 15:41:49,271 [INFO] IPUIPlugin:80 - create IPUIPlugin
2023-09-08 15:41:49,281 [INFO] IPUIPlugin:80 - create IPUIPlugin
2023-09-08 15:41:49,293 [INFO] IPUIPlugin:80 - create IPUIPlugin
2023-09-08 15:41:49,294 [INFO] IPUIPlugin:80 - create IPUIPlugin
2023-09-08 15:41:49,294 [INFO] IPUIPlugin:80 - create IPUIPlugin
2023-09-08 15:41:49,294 [INFO] IPUIPlugin:80 - create IPUIPlugin
2023-09-08 15:41:49,295 [INFO] IPUIPlugin:80 - create IPUIPlugin
2023-09-08 15:41:49,295 [INFO] IPUIPlugin:80 - create IPUIPlugin
2023-09-08 15:41:49,295 [INFO] IPUIPlugin:80 - create IPUIPlugin
2023-09-08 15:41:49,385 [INFO] ApiDbMcu:507 - Load IP Config File for PDM2PCM
2023-09-08 15:41:49,396 [WARN] IP:2114 - I2C_Coeff_DF not found: check if there is a RefParameter without a condition.
2023-09-08 15:41:49,396 [WARN] IP:2114 - Analog_Filter not found: check if there is a RefParameter without a condition.
2023-09-08 15:41:50,051 [INFO] CADModel:165 - CPN selected for project levelSTM32F411RET6
2023-09-08 15:41:50,051 [INFO] CADModel:114 - Register for checkConnection events
2023-09-08 15:41:50,114 [INFO] OpenFileManager:328 - Restore cursor
2023-09-08 15:41:50,425 [WARN] IP:2114 - I2C_Coeff_DF not found: check if there is a RefParameter without a condition.
2023-09-08 15:41:50,425 [WARN] IP:2114 - Analog_Filter not found: check if there is a RefParameter without a condition.
2023-09-08 15:41:50,426 [WARN] IP:2114 - I2C_Coeff_DF not found: check if there is a RefParameter without a condition.
2023-09-08 15:41:50,426 [WARN] IP:2114 - Analog_Filter not found: check if there is a RefParameter without a condition.
2023-09-08 16:30:25,561 [INFO] ADCParametersView:116 -                Rank 1 : false
2023-09-08 16:30:25,561 [INFO] ADCParametersView:116 -                Rank 1 : false
2023-09-08 16:30:25,562 [INFO] ADCParametersView:116 -                Rank 2 : false
2023-09-08 16:30:25,702 [INFO] ADCParametersView:116 -                Rank 1 : false
2023-09-08 16:30:25,702 [INFO] ADCParametersView:116 -                Rank 2 : false
2023-09-08 16:30:25,702 [INFO] ADCParametersView:116 -                Rank 1 : false
2023-09-08 16:30:25,702 [INFO] ADCParametersView:116 -                Rank 2 : false
2023-09-08 16:30:25,703 [INFO] ADCParametersView:116 -                Rank 1 : false
2023-09-08 16:30:25,703 [INFO] ADCParametersView:116 -                Rank 2 : false
2023-09-08 16:30:25,703 [INFO] ADCParametersView:116 -                Rank 1 : false
2023-09-08 16:30:25,703 [INFO] ADCParametersView:116 -                Rank 2 : false
2023-09-08 16:30:25,703 [INFO] ADCParametersView:116 -                Rank 1 : false
2023-09-08 16:30:25,703 [INFO] ADCParametersView:116 -                Rank 2 : false
2023-09-08 16:30:25,703 [INFO] ADCParametersView:116 -                Rank 1 : false
2023-09-08 16:30:25,703 [INFO] ADCParametersView:116 -                Rank 2 : false
2023-09-08 16:30:25,704 [INFO] ADCParametersView:116 -                Rank 1 : false
2023-09-08 16:30:25,704 [INFO] ADCParametersView:116 -                Rank 2 : false
2023-09-08 16:30:25,704 [INFO] ADCParametersView:116 -                Rank 1 : false
2023-09-08 16:30:25,704 [INFO] ADCParametersView:116 -                Rank 2 : false
2023-09-08 16:30:25,704 [INFO] ADCParametersView:116 -                Rank 1 : false
2023-09-08 16:30:25,704 [INFO] ADCParametersView:116 -                Rank 2 : false
2023-09-08 16:30:25,704 [INFO] ADCParametersView:116 -                Rank 1 : false
2023-09-08 16:30:25,704 [INFO] ADCParametersView:116 -                Rank 2 : false
2023-09-08 16:30:25,705 [INFO] ADCParametersView:116 -                Rank 1 : false
2023-09-08 16:30:25,705 [INFO] ADCParametersView:116 -                Rank 2 : false
2023-09-08 16:30:25,705 [INFO] ADCParametersView:116 -                Rank 1 : false
2023-09-08 16:30:25,705 [INFO] ADCParametersView:116 -                Rank 2 : false
2023-09-08 16:30:25,705 [INFO] ADCParametersView:116 -                Rank 1 : false
2023-09-08 16:30:25,705 [INFO] ADCParametersView:116 -                Rank 2 : false
2023-09-08 16:30:25,705 [INFO] ADCParametersView:116 -                Rank 1 : false
2023-09-08 16:30:25,705 [INFO] ADCParametersView:116 -                Rank 2 : false
2023-09-08 16:30:25,705 [INFO] ADCParametersView:116 -                Rank 2 : false
2023-09-08 16:30:25,742 [INFO] ADCParametersView:116 -                Rank 1 : false
2023-09-08 16:30:25,743 [INFO] ADCParametersView:116 -                Rank 1 : false
2023-09-08 16:30:25,743 [INFO] ADCParametersView:116 -                Rank 2 : false
2023-09-08 16:55:18,024 [INFO] Gpio:273 - dependency for GPIO [ADC1, I2C1, RCC, SYS, TIM3, USART2]
2023-09-08 16:57:03,543 [INFO] ADCParametersView:116 -                Rank 1 : false
2023-09-08 16:57:03,544 [INFO] ADCParametersView:116 -                Rank 2 : false
2023-09-08 16:57:03,544 [INFO] ADCParametersView:116 -                Rank 1 : false
2023-09-08 16:57:03,544 [INFO] ADCParametersView:116 -                Rank 2 : false
2023-09-08 16:57:03,544 [INFO] ADCParametersView:116 -                Rank 1 : false
2023-09-08 16:57:03,544 [INFO] ADCParametersView:116 -                Rank 2 : false
2023-09-08 16:57:03,544 [INFO] ADCParametersView:116 -                Rank 1 : false
2023-09-08 16:57:03,544 [INFO] ADCParametersView:116 -                Rank 2 : false
2023-09-08 16:57:03,544 [INFO] ADCParametersView:116 -                Rank 1 : false
2023-09-08 16:57:03,545 [INFO] ADCParametersView:116 -                Rank 2 : false
2023-09-08 16:57:03,545 [INFO] ADCParametersView:116 -                Rank 1 : false
2023-09-08 16:57:03,545 [INFO] ADCParametersView:116 -                Rank 2 : false
2023-09-08 16:57:03,545 [INFO] ADCParametersView:116 -                Rank 1 : false
2023-09-08 16:57:03,545 [INFO] ADCParametersView:116 -                Rank 2 : false
2023-09-08 16:57:03,545 [INFO] ADCParametersView:116 -                Rank 1 : false
2023-09-08 16:57:03,545 [INFO] ADCParametersView:116 -                Rank 2 : false
2023-09-08 16:57:03,545 [INFO] ADCParametersView:116 -                Rank 1 : false
2023-09-08 16:57:03,545 [INFO] ADCParametersView:116 -                Rank 2 : false
2023-09-08 16:57:03,545 [INFO] ADCParametersView:116 -                Rank 1 : false
2023-09-08 16:57:03,546 [INFO] ADCParametersView:116 -                Rank 2 : false
2023-09-08 16:57:03,546 [INFO] ADCParametersView:116 -                Rank 1 : false
2023-09-08 16:57:03,546 [INFO] ADCParametersView:116 -                Rank 2 : false
2023-09-08 16:57:03,546 [INFO] ADCParametersView:116 -                Rank 1 : false
2023-09-08 16:57:03,546 [INFO] ADCParametersView:116 -                Rank 2 : false
2023-09-08 16:57:03,546 [INFO] ADCParametersView:116 -                Rank 1 : false
2023-09-08 16:57:03,546 [INFO] ADCParametersView:116 -                Rank 2 : false
2023-09-08 16:57:03,546 [INFO] ADCParametersView:116 -                Rank 1 : false
2023-09-08 16:57:03,546 [INFO] ADCParametersView:116 -                Rank 2 : false
2023-09-08 16:57:03,546 [INFO] ADCParametersView:116 -                Rank 2 : false
2023-09-08 16:57:03,582 [INFO] ADCParametersView:116 -                Rank 1 : false
2023-09-08 16:57:03,583 [INFO] ADCParametersView:116 -                Rank 1 : false
2023-09-08 16:57:03,583 [INFO] ADCParametersView:116 -                Rank 2 : false
2023-09-08 16:57:03,636 [INFO] ADCParametersView:116 -                Rank 1 : false
2023-09-08 16:57:03,637 [INFO] ADCParametersView:116 -                Rank 2 : false
2023-09-08 16:57:03,637 [INFO] ADCParametersView:116 -                Rank 1 : false
2023-09-08 16:57:03,637 [INFO] ADCParametersView:116 -                Rank 2 : false
2023-09-08 16:57:03,637 [INFO] ADCParametersView:116 -                Rank 1 : false
2023-09-08 16:57:03,637 [INFO] ADCParametersView:116 -                Rank 2 : false
2023-09-08 16:57:03,637 [INFO] ADCParametersView:116 -                Rank 1 : false
2023-09-08 16:57:03,637 [INFO] ADCParametersView:116 -                Rank 2 : false
2023-09-08 16:57:03,637 [INFO] ADCParametersView:116 -                Rank 1 : false
2023-09-08 16:57:03,637 [INFO] ADCParametersView:116 -                Rank 2 : false
2023-09-08 16:57:03,638 [INFO] ADCParametersView:116 -                Rank 1 : false
2023-09-08 16:57:03,638 [INFO] ADCParametersView:116 -                Rank 2 : false
2023-09-08 16:57:03,638 [INFO] ADCParametersView:116 -                Rank 1 : false
2023-09-08 16:57:03,638 [INFO] ADCParametersView:116 -                Rank 2 : false
2023-09-08 16:57:03,638 [INFO] ADCParametersView:116 -                Rank 1 : false
2023-09-08 16:57:03,638 [INFO] ADCParametersView:116 -                Rank 2 : false
2023-09-08 16:57:03,638 [INFO] ADCParametersView:116 -                Rank 1 : false
2023-09-08 16:57:03,638 [INFO] ADCParametersView:116 -                Rank 2 : false
2023-09-08 16:57:03,638 [INFO] ADCParametersView:116 -                Rank 1 : false
2023-09-08 16:57:03,639 [INFO] ADCParametersView:116 -                Rank 2 : false
2023-09-08 16:57:03,639 [INFO] ADCParametersView:116 -                Rank 1 : false
2023-09-08 16:57:03,639 [INFO] ADCParametersView:116 -                Rank 2 : false
2023-09-08 16:57:03,639 [INFO] ADCParametersView:116 -                Rank 1 : false
2023-09-08 16:57:03,639 [INFO] ADCParametersView:116 -                Rank 2 : false
2023-09-08 16:57:03,639 [INFO] ADCParametersView:116 -                Rank 1 : false
2023-09-08 16:57:03,639 [INFO] ADCParametersView:116 -                Rank 2 : false
2023-09-08 16:57:03,640 [INFO] ADCParametersView:116 -                Rank 1 : false
2023-09-08 16:57:03,640 [INFO] ADCParametersView:116 -                Rank 2 : false
2023-09-08 16:57:03,640 [INFO] ADCParametersView:116 -                Rank 2 : false
2023-09-08 16:57:03,674 [INFO] ADCParametersView:116 -                Rank 1 : false
2023-09-08 16:57:03,674 [INFO] ADCParametersView:116 -                Rank 1 : false
2023-09-08 16:57:03,674 [INFO] ADCParametersView:116 -                Rank 2 : false
2023-09-08 16:57:54,120 [INFO] ADCParametersView:116 -                Rank 1 : true
2023-09-08 16:57:54,120 [INFO] ADCParametersView:116 -                Rank 2 : false
2023-09-08 16:57:54,991 [INFO] ADCParametersView:116 -                Rank 1 : true
2023-09-08 16:57:54,991 [INFO] ADCParametersView:116 -                Rank 2 : true
2023-09-08 17:03:40,740 [WARN] IP:2114 - I2C_Coeff_DF not found: check if there is a RefParameter without a condition.
2023-09-08 17:03:40,740 [WARN] IP:2114 - Analog_Filter not found: check if there is a RefParameter without a condition.
2023-09-08 17:03:40,741 [WARN] IP:2114 - I2C_Coeff_DF not found: check if there is a RefParameter without a condition.
2023-09-08 17:03:40,741 [WARN] IP:2114 - Analog_Filter not found: check if there is a RefParameter without a condition.
2023-09-08 17:05:03,089 [WARN] IP:2114 - I2C_Coeff_DF not found: check if there is a RefParameter without a condition.
2023-09-08 17:05:03,089 [WARN] IP:2114 - Analog_Filter not found: check if there is a RefParameter without a condition.
2023-09-08 17:05:06,068 [INFO] NvicIntPanel:101 - NVIC parent = com.st.microxplorer.plugins.ip.nvic.MultiNvicIntPanel[,0,0,628x574,layout=javax.swing.BoxLayout,alignmentX=0.0,alignmentY=0.0,border=,flags=9,maximumSize=,minimumSize=,preferredSize=]
2023-09-08 17:05:51,929 [WARN] IP:2114 - I2C_Coeff_DF not found: check if there is a RefParameter without a condition.
2023-09-08 17:05:51,929 [WARN] IP:2114 - Analog_Filter not found: check if there is a RefParameter without a condition.
2023-09-08 17:05:53,769 [WARN] IP:2114 - I2C_Coeff_DF not found: check if there is a RefParameter without a condition.
2023-09-08 17:05:53,769 [WARN] IP:2114 - Analog_Filter not found: check if there is a RefParameter without a condition.
2023-09-08 17:11:34,697 [INFO] ADCParametersView:116 -                Rank 1 : true
2023-09-08 17:11:34,697 [INFO] ADCParametersView:116 -                Rank 2 : true
2023-09-08 17:11:34,697 [INFO] ADCParametersView:116 -                Rank 1 : true
2023-09-08 17:11:34,697 [INFO] ADCParametersView:116 -                Rank 2 : true
2023-09-08 17:11:34,697 [INFO] ADCParametersView:116 -                Rank 1 : true
2023-09-08 17:11:34,697 [INFO] ADCParametersView:116 -                Rank 2 : true
2023-09-08 17:11:34,697 [INFO] ADCParametersView:116 -                Rank 1 : true
2023-09-08 17:11:34,697 [INFO] ADCParametersView:116 -                Rank 2 : true
2023-09-08 17:11:34,698 [INFO] ADCParametersView:116 -                Rank 1 : true
2023-09-08 17:11:34,698 [INFO] ADCParametersView:116 -                Rank 2 : true
2023-09-08 17:11:34,698 [INFO] ADCParametersView:116 -                Rank 1 : true
2023-09-08 17:11:34,698 [INFO] ADCParametersView:116 -                Rank 2 : true
2023-09-08 17:11:34,698 [INFO] ADCParametersView:116 -                Rank 1 : true
2023-09-08 17:11:34,698 [INFO] ADCParametersView:116 -                Rank 2 : true
2023-09-08 17:11:34,698 [INFO] ADCParametersView:116 -                Rank 1 : true
2023-09-08 17:11:34,698 [INFO] ADCParametersView:116 -                Rank 2 : true
2023-09-08 17:11:34,698 [INFO] ADCParametersView:116 -                Rank 1 : true
2023-09-08 17:11:34,698 [INFO] ADCParametersView:116 -                Rank 2 : true
2023-09-08 17:11:34,698 [INFO] ADCParametersView:116 -                Rank 1 : true
2023-09-08 17:11:34,699 [INFO] ADCParametersView:116 -                Rank 2 : true
2023-09-08 17:11:34,699 [INFO] ADCParametersView:116 -                Rank 1 : true
2023-09-08 17:11:34,699 [INFO] ADCParametersView:116 -                Rank 2 : true
2023-09-08 17:11:34,699 [INFO] ADCParametersView:116 -                Rank 1 : true
2023-09-08 17:11:34,699 [INFO] ADCParametersView:116 -                Rank 2 : true
2023-09-08 17:11:34,699 [INFO] ADCParametersView:116 -                Rank 1 : true
2023-09-08 17:11:34,699 [INFO] ADCParametersView:116 -                Rank 2 : true
2023-09-08 17:11:34,699 [INFO] ADCParametersView:116 -                Rank 1 : true
2023-09-08 17:11:34,699 [INFO] ADCParametersView:116 -                Rank 2 : true
2023-09-08 17:11:34,699 [INFO] ADCParametersView:116 -                Rank 2 : true
2023-09-08 17:11:34,731 [INFO] ADCParametersView:116 -                Rank 1 : true
2023-09-08 17:11:34,732 [INFO] ADCParametersView:116 -                Rank 1 : true
2023-09-08 17:11:34,732 [INFO] ADCParametersView:116 -                Rank 2 : true
2023-09-08 17:11:34,781 [INFO] ADCParametersView:116 -                Rank 1 : true
2023-09-08 17:11:34,781 [INFO] ADCParametersView:116 -                Rank 2 : true
2023-09-08 17:11:34,781 [INFO] ADCParametersView:116 -                Rank 1 : true
2023-09-08 17:11:34,781 [INFO] ADCParametersView:116 -                Rank 2 : true
2023-09-08 17:11:34,781 [INFO] ADCParametersView:116 -                Rank 1 : true
2023-09-08 17:11:34,781 [INFO] ADCParametersView:116 -                Rank 2 : true
2023-09-08 17:11:34,782 [INFO] ADCParametersView:116 -                Rank 1 : true
2023-09-08 17:11:34,782 [INFO] ADCParametersView:116 -                Rank 2 : true
2023-09-08 17:11:34,782 [INFO] ADCParametersView:116 -                Rank 1 : true
2023-09-08 17:11:34,782 [INFO] ADCParametersView:116 -                Rank 2 : true
2023-09-08 17:11:34,782 [INFO] ADCParametersView:116 -                Rank 1 : true
2023-09-08 17:11:34,782 [INFO] ADCParametersView:116 -                Rank 2 : true
2023-09-08 17:11:34,782 [INFO] ADCParametersView:116 -                Rank 1 : true
2023-09-08 17:11:34,782 [INFO] ADCParametersView:116 -                Rank 2 : true
2023-09-08 17:11:34,783 [INFO] ADCParametersView:116 -                Rank 1 : true
2023-09-08 17:11:34,783 [INFO] ADCParametersView:116 -                Rank 2 : true
2023-09-08 17:11:34,783 [INFO] ADCParametersView:116 -                Rank 1 : true
2023-09-08 17:11:34,783 [INFO] ADCParametersView:116 -                Rank 2 : true
2023-09-08 17:11:34,783 [INFO] ADCParametersView:116 -                Rank 1 : true
2023-09-08 17:11:34,783 [INFO] ADCParametersView:116 -                Rank 2 : true
2023-09-08 17:11:34,783 [INFO] ADCParametersView:116 -                Rank 1 : true
2023-09-08 17:11:34,783 [INFO] ADCParametersView:116 -                Rank 2 : true
2023-09-08 17:11:34,783 [INFO] ADCParametersView:116 -                Rank 1 : true
2023-09-08 17:11:34,783 [INFO] ADCParametersView:116 -                Rank 2 : true
2023-09-08 17:11:34,784 [INFO] ADCParametersView:116 -                Rank 1 : true
2023-09-08 17:11:34,784 [INFO] ADCParametersView:116 -                Rank 2 : true
2023-09-08 17:11:34,784 [INFO] ADCParametersView:116 -                Rank 1 : true
2023-09-08 17:11:34,784 [INFO] ADCParametersView:116 -                Rank 2 : true
2023-09-08 17:11:34,784 [INFO] ADCParametersView:116 -                Rank 2 : true
2023-09-08 17:11:34,827 [INFO] ADCParametersView:116 -                Rank 1 : true
2023-09-08 17:11:34,828 [INFO] ADCParametersView:116 -                Rank 1 : true
2023-09-08 17:11:34,829 [INFO] ADCParametersView:116 -                Rank 2 : true
2023-09-08 17:11:36,539 [INFO] NvicIntPanel:101 - NVIC parent = com.st.microxplorer.plugins.ip.nvic.MultiNvicIntPanel[,0,0,451x574,layout=javax.swing.BoxLayout,alignmentX=0.0,alignmentY=0.0,border=,flags=9,maximumSize=,minimumSize=,preferredSize=]
2023-09-08 17:11:42,241 [INFO] ADCParametersView:116 -                Rank 1 : true
2023-09-08 17:11:42,241 [INFO] ADCParametersView:116 -                Rank 2 : true
2023-09-08 17:11:42,241 [INFO] ADCParametersView:116 -                Rank 1 : true
2023-09-08 17:11:42,241 [INFO] ADCParametersView:116 -                Rank 2 : true
2023-09-08 17:11:42,242 [INFO] ADCParametersView:116 -                Rank 1 : true
2023-09-08 17:11:42,242 [INFO] ADCParametersView:116 -                Rank 2 : true
2023-09-08 17:11:42,242 [INFO] ADCParametersView:116 -                Rank 1 : true
2023-09-08 17:11:42,242 [INFO] ADCParametersView:116 -                Rank 2 : true
2023-09-08 17:11:42,242 [INFO] ADCParametersView:116 -                Rank 1 : true
2023-09-08 17:11:42,242 [INFO] ADCParametersView:116 -                Rank 2 : true
2023-09-08 17:11:42,242 [INFO] ADCParametersView:116 -                Rank 1 : true
2023-09-08 17:11:42,242 [INFO] ADCParametersView:116 -                Rank 2 : true
2023-09-08 17:11:42,242 [INFO] ADCParametersView:116 -                Rank 1 : true
2023-09-08 17:11:42,242 [INFO] ADCParametersView:116 -                Rank 2 : true
2023-09-08 17:11:42,242 [INFO] ADCParametersView:116 -                Rank 1 : true
2023-09-08 17:11:42,242 [INFO] ADCParametersView:116 -                Rank 2 : true
2023-09-08 17:11:42,242 [INFO] ADCParametersView:116 -                Rank 1 : true
2023-09-08 17:11:42,243 [INFO] ADCParametersView:116 -                Rank 2 : true
2023-09-08 17:11:42,243 [INFO] ADCParametersView:116 -                Rank 1 : true
2023-09-08 17:11:42,243 [INFO] ADCParametersView:116 -                Rank 2 : true
2023-09-08 17:11:42,243 [INFO] ADCParametersView:116 -                Rank 1 : true
2023-09-08 17:11:42,243 [INFO] ADCParametersView:116 -                Rank 2 : true
2023-09-08 17:11:42,243 [INFO] ADCParametersView:116 -                Rank 1 : true
2023-09-08 17:11:42,243 [INFO] ADCParametersView:116 -                Rank 2 : true
2023-09-08 17:11:42,243 [INFO] ADCParametersView:116 -                Rank 1 : true
2023-09-08 17:11:42,243 [INFO] ADCParametersView:116 -                Rank 2 : true
2023-09-08 17:11:42,243 [INFO] ADCParametersView:116 -                Rank 1 : true
2023-09-08 17:11:42,243 [INFO] ADCParametersView:116 -                Rank 2 : true
2023-09-08 17:11:42,243 [INFO] ADCParametersView:116 -                Rank 2 : true
2023-09-08 17:11:42,272 [INFO] ADCParametersView:116 -                Rank 1 : true
2023-09-08 17:11:42,272 [INFO] ADCParametersView:116 -                Rank 1 : true
2023-09-08 17:11:42,272 [INFO] ADCParametersView:116 -                Rank 2 : true
2023-09-08 18:10:07,861 [INFO] NvicIntPanel:101 - NVIC parent = com.st.microxplorer.plugins.ip.nvic.MultiNvicIntPanel[,0,0,501x119,layout=javax.swing.BoxLayout,alignmentX=0.0,alignmentY=0.0,border=,flags=9,maximumSize=,minimumSize=,preferredSize=]
2023-09-08 18:10:09,035 [INFO] NvicIntPanel:101 - NVIC parent = com.st.microxplorer.plugins.ip.nvic.MultiNvicIntPanel[,0,0,0x0,invalid,layout=javax.swing.BoxLayout,alignmentX=0.0,alignmentY=0.0,border=,flags=9,maximumSize=,minimumSize=,preferredSize=]
